SF:lib\data\marine_data_source.dart
DA:16,1
DA:17,1
DA:28,1
DA:32,1
DA:34,1
DA:35,2
DA:36,2
DA:37,2
DA:40,1
DA:44,0
DA:45,0
DA:46,0
DA:57,0
DA:58,0
DA:59,0
DA:60,0
DA:61,0
DA:65,1
DA:66,1
DA:67,1
DA:68,1
DA:69,1
DA:72,2
DA:73,1
DA:74,1
DA:77,1
DA:78,1
DA:79,1
DA:80,1
DA:81,2
DA:83,1
DA:84,1
DA:85,1
DA:86,1
DA:87,1
DA:88,1
DA:89,2
DA:90,2
DA:91,2
DA:92,2
DA:93,2
DA:94,2
DA:95,2
DA:99,1
DA:102,2
DA:105,1
DA:106,1
DA:107,1
DA:108,1
DA:111,1
DA:112,1
DA:113,2
DA:114,2
DA:115,2
DA:116,2
DA:117,2
DA:126,1
DA:131,2
DA:132,1
DA:135,3
DA:136,2
DA:137,1
DA:138,2
DA:146,1
DA:147,2
DA:149,1
DA:150,1
DA:153,1
DA:155,2
DA:158,1
DA:159,2
DA:163,1
DA:165,2
DA:166,1
DA:169,1
DA:170,1
DA:172,2
DA:175,1
DA:176,1
DA:177,1
DA:178,1
DA:184,2
DA:188,0
DA:189,0
LF:84
LH:74
end_of_record
SF:lib\data\snapshot_store.dart
DA:25,1
DA:26,2
DA:28,1
DA:29,2
DA:31,1
DA:33,2
DA:34,4
DA:37,0
DA:39,0
DA:40,0
LF:10
LH:7
end_of_record
SF:lib\data\digitraffic_headers_io.dart
DA:10,1
LF:1
LH:1
end_of_record
SF:lib\data\freight_repository.dart
DA:11,1
DA:19,3
DA:34,1
DA:40,1
DA:41,4
DA:43,0
DA:46,0
DA:47,0
DA:51,0
DA:58,1
DA:62,2
DA:63,2
DA:67,2
DA:69,1
DA:70,1
DA:71,3
DA:72,1
DA:73,1
DA:75,1
DA:79,1
DA:80,5
DA:82,1
DA:83,5
DA:96,1
DA:100,1
DA:101,1
DA:102,1
DA:103,1
DA:112,5
DA:113,1
DA:114,4
DA:115,1
DA:117,1
DA:120,1
DA:121,1
DA:122,1
DA:123,1
DA:124,0
DA:129,1
DA:130,2
DA:131,1
DA:140,1
DA:142,1
DA:143,1
DA:144,3
DA:145,1
DA:146,3
DA:148,0
DA:155,1
DA:160,3
DA:165,1
DA:170,0
DA:171,0
LF:53
LH:45
end_of_record
SF:lib\data\rail_data_source.dart
DA:14,1
DA:19,1
DA:20,1
DA:21,3
DA:23,2
DA:26,4
DA:27,1
DA:31,1
DA:35,1
DA:36,1
DA:37,1
DA:38,1
DA:39,2
DA:40,2
DA:45,2
DA:46,1
DA:47,1
DA:49,1
DA:51,1
DA:52,2
DA:56,1
DA:59,1
DA:60,1
DA:61,3
DA:63,1
DA:64,0
DA:65,0
DA:66,0
DA:74,1
DA:79,2
DA:81,2
DA:83,1
DA:84,1
DA:85,1
DA:86,2
DA:87,2
DA:88,2
DA:89,1
DA:92,3
DA:93,2
DA:94,2
DA:96,2
DA:97,1
DA:98,1
DA:103,1
DA:104,2
DA:107,1
DA:108,1
DA:109,1
DA:110,1
DA:111,2
DA:115,2
DA:116,1
DA:119,3
DA:120,1
DA:124,1
DA:127,1
DA:129,1
DA:130,1
DA:131,1
DA:132,1
DA:133,1
DA:134,1
DA:135,1
DA:136,1
DA:137,2
DA:138,1
DA:140,2
DA:141,1
DA:144,1
DA:145,1
DA:146,1
DA:147,2
DA:148,1
DA:149,1
DA:152,1
DA:156,1
DA:157,1
DA:163,1
DA:164,1
DA:165,2
DA:171,1
DA:175,0
DA:176,0
LF:84
LH:79
end_of_record
SF:lib\data\graphql\__generated__\cargo_trains.data.gql.g.dart
DA:9,2
DA:10,1
DA:12,2
DA:13,1
DA:15,2
DA:16,1
DA:18,2
DA:19,1
DA:21,2
DA:22,1
DA:24,2
DA:25,1
DA:27,2
DA:28,1
DA:29,2
DA:30,1
DA:31,2
DA:32,1
DA:34,2
DA:35,1
DA:37,2
DA:38,1
DA:40,2
DA:41,1
DA:43,2
DA:44,1
DA:46,2
DA:47,1
DA:49,2
DA:50,1
DA:52,2
DA:53,1
DA:55,2
DA:56,1
DA:58,2
DA:59,1
DA:60,2
DA:61,1
DA:62,2
DA:63,1
DA:64,2
DA:65,1
DA:67,2
DA:68,1
DA:69,3
DA:70,2
DA:71,1
DA:80,1
DA:86,1
DA:88,1
DA:89,1
DA:93,1
DA:94,1
DA:104,1
DA:110,1
DA:112,1
DA:113,1
DA:114,1
DA:115,1
DA:116,1
DA:118,1
DA:119,0
DA:120,0
DA:126,1
DA:127,2
DA:128,1
DA:140,1
DA:154,1
DA:160,1
DA:162,1
DA:163,1
DA:167,1
DA:168,1
DA:172,1
DA:173,1
DA:177,1
DA:178,1
DA:182,1
DA:183,1
DA:189,1
DA:190,1
DA:196,1
DA:197,1
DA:205,1
DA:206,1
DA:216,1
DA:222,1
DA:224,1
DA:225,1
DA:226,1
DA:227,1
DA:228,1
DA:230,1
DA:231,1
DA:232,1
DA:238,1
DA:239,1
DA:240,1
DA:246,1
DA:247,1
DA:248,1
DA:254,1
DA:255,1
DA:256,1
DA:262,1
DA:263,2
DA:264,1
DA:273,1
DA:274,2
DA:275,1
DA:284,1
DA:285,2
DA:286,1
DA:297,1
DA:298,2
DA:299,1
DA:313,1
DA:328,1
DA:334,1
DA:336,1
DA:337,1
DA:341,1
DA:342,1
DA:346,2
DA:352,1
DA:358,1
DA:360,1
DA:361,1
DA:362,1
DA:363,1
DA:364,1
DA:366,1
DA:367,1
DA:368,1
DA:374,1
DA:375,1
DA:376,1
DA:382,1
DA:383,1
DA:384,1
DA:393,1
DA:410,1
DA:416,1
DA:418,1
DA:419,1
DA:423,2
DA:429,1
DA:435,1
DA:437,1
DA:438,1
DA:439,1
DA:440,1
DA:441,1
DA:443,1
DA:444,1
DA:445,1
DA:451,1
DA:452,1
DA:453,1
DA:462,1
DA:480,1
DA:486,1
DA:488,1
DA:489,1
DA:493,2
DA:495,1
DA:496,1
DA:500,1
DA:501,1
DA:511,1
DA:518,1
DA:520,1
DA:521,1
DA:522,1
DA:523,1
DA:524,1
DA:526,1
DA:527,1
DA:528,1
DA:534,1
DA:535,1
DA:536,1
DA:542,1
DA:543,1
DA:544,1
DA:550,1
DA:551,2
DA:552,1
DA:564,1
DA:582,1
DA:588,1
DA:590,1
DA:591,1
DA:595,1
DA:596,1
DA:600,1
DA:601,1
DA:605,1
DA:606,1
DA:611,1
DA:614,1
DA:615,1
DA:616,1
DA:619,1
DA:622,1
DA:623,2
DA:625,1
DA:628,1
DA:629,1
DA:630,1
DA:641,1
DA:648,1
DA:650,1
DA:651,1
DA:652,1
DA:653,1
DA:654,1
DA:656,1
DA:657,1
DA:658,1
DA:664,1
DA:665,1
DA:666,1
DA:672,1
DA:673,1
DA:674,1
DA:680,1
DA:681,1
DA:682,1
DA:688,1
DA:689,1
DA:690,1
DA:693,1
DA:694,1
DA:695,1
DA:701,1
DA:702,2
DA:703,1
DA:715,1
DA:733,1
DA:739,1
DA:741,1
DA:742,1
DA:746,2
DA:748,1
DA:749,1
DA:753,1
DA:754,1
DA:764,1
DA:771,1
DA:773,1
DA:774,1
DA:775,1
DA:776,1
DA:777,1
DA:779,1
DA:780,1
DA:781,1
DA:787,1
DA:788,1
DA:789,1
DA:795,1
DA:796,1
DA:797,1
DA:803,1
DA:804,2
DA:805,1
DA:817,1
DA:828,1
DA:834,1
DA:836,1
DA:837,1
DA:841,1
DA:842,1
DA:852,1
DA:858,1
DA:860,1
DA:861,1
DA:862,1
DA:863,1
DA:864,1
DA:866,1
DA:867,0
DA:868,0
DA:874,1
DA:875,2
DA:876,1
DA:888,1
DA:902,1
DA:908,1
DA:910,1
DA:911,1
DA:915,1
DA:916,1
DA:920,1
DA:921,1
DA:925,1
DA:926,1
DA:930,1
DA:931,1
DA:935,1
DA:936,1
DA:940,1
DA:941,1
DA:947,1
DA:948,1
DA:954,1
DA:955,1
DA:965,1
DA:971,1
DA:973,1
DA:974,1
DA:975,1
DA:976,1
DA:977,1
DA:979,1
DA:980,1
DA:981,1
DA:987,1
DA:988,1
DA:989,1
DA:995,1
DA:996,1
DA:997,1
DA:1003,1
DA:1004,1
DA:1005,1
DA:1011,1
DA:1012,2
DA:1013,1
DA:1022,1
DA:1023,2
DA:1024,1
DA:1033,1
DA:1034,2
DA:1035,1
DA:1044,1
DA:1045,2
DA:1046,1
DA:1055,1
DA:1056,2
DA:1057,1
DA:1069,1
DA:1083,1
DA:1089,1
DA:1091,1
DA:1092,1
DA:1096,1
DA:1097,1
DA:1101,2
DA:1107,1
DA:1113,1
DA:1115,1
DA:1116,1
DA:1117,1
DA:1118,1
DA:1119,1
DA:1121,1
DA:1122,1
DA:1123,1
DA:1129,1
DA:1130,1
DA:1131,1
DA:1137,1
DA:1138,1
DA:1139,1
DA:1148,1
DA:1162,1
DA:1168,1
DA:1170,1
DA:1171,1
DA:1175,2
DA:1181,1
DA:1187,1
DA:1189,1
DA:1190,1
DA:1191,1
DA:1192,1
DA:1193,1
DA:1195,1
DA:1196,1
DA:1197,1
DA:1203,1
DA:1204,1
DA:1205,1
DA:1214,1
DA:1228,0
DA:1234,0
DA:1236,0
DA:1237,0
DA:1241,0
DA:1243,0
DA:1244,0
DA:1248,0
DA:1249,0
DA:1259,0
DA:1265,0
DA:1267,0
DA:1268,0
DA:1269,0
DA:1270,0
DA:1271,0
DA:1273,0
DA:1274,0
DA:1275,0
DA:1281,0
DA:1282,0
DA:1283,0
DA:1289,0
DA:1290,0
DA:1291,0
DA:1297,0
DA:1298,0
DA:1299,0
DA:1311,0
DA:1325,0
DA:1331,0
DA:1333,0
DA:1334,0
DA:1338,0
DA:1339,0
DA:1343,0
DA:1344,0
DA:1348,0
DA:1349,0
DA:1354,0
DA:1357,0
DA:1358,0
DA:1359,0
DA:1362,0
DA:1365,0
DA:1366,0
DA:1368,0
DA:1371,0
DA:1372,0
DA:1373,0
DA:1384,0
DA:1390,0
DA:1392,0
DA:1393,0
DA:1394,0
DA:1395,0
DA:1396,0
DA:1398,0
DA:1399,0
DA:1400,0
DA:1406,0
DA:1407,0
DA:1408,0
DA:1414,0
DA:1415,0
DA:1416,0
DA:1422,0
DA:1423,0
DA:1424,0
DA:1430,0
DA:1431,0
DA:1432,0
DA:1435,0
DA:1436,0
DA:1437,0
DA:1443,0
DA:1444,0
DA:1445,0
DA:1457,0
DA:1472,0
DA:1478,0
DA:1480,0
DA:1481,0
DA:1485,0
DA:1487,0
DA:1488,0
DA:1492,0
DA:1493,0
DA:1503,0
DA:1509,0
DA:1511,0
DA:1512,0
DA:1513,0
DA:1514,0
DA:1515,0
DA:1517,0
DA:1518,0
DA:1519,0
DA:1525,0
DA:1526,0
DA:1527,0
DA:1533,0
DA:1534,0
DA:1535,0
DA:1541,0
DA:1542,0
DA:1543,0
DA:1555,0
DA:1569,1
DA:1575,1
DA:1577,1
DA:1578,1
DA:1582,1
DA:1583,1
DA:1593,1
DA:1599,1
DA:1601,1
DA:1602,1
DA:1603,1
DA:1604,1
DA:1605,1
DA:1607,1
DA:1608,1
DA:1609,1
DA:1615,1
DA:1616,2
DA:1617,1
DA:1631,1
DA:1648,1
DA:1654,1
DA:1656,1
DA:1657,1
DA:1661,1
DA:1662,1
DA:1666,1
DA:1667,1
DA:1671,1
DA:1672,1
DA:1680,1
DA:1681,1
DA:1693,1
DA:1699,1
DA:1701,1
DA:1702,1
DA:1703,1
DA:1704,1
DA:1705,1
DA:1707,1
DA:1708,1
DA:1709,1
DA:1715,1
DA:1716,1
DA:1717,1
DA:1723,1
DA:1724,1
DA:1725,1
DA:1731,1
DA:1732,2
DA:1733,1
DA:1744,1
DA:1745,2
DA:1746,1
DA:1760,1
DA:1778,1
DA:1784,1
DA:1786,1
DA:1787,1
DA:1791,1
DA:1792,1
DA:1796,2
DA:1799,1
DA:1802,1
DA:1803,1
DA:1804,1
DA:1810,1
DA:1817,1
DA:1819,1
DA:1820,1
DA:1821,1
DA:1822,1
DA:1823,1
DA:1825,1
DA:1826,1
DA:1827,1
DA:1833,1
DA:1834,1
DA:1835,1
DA:1841,1
DA:1842,1
DA:1843,1
DA:1849,1
DA:1850,1
DA:1851,1
DA:1860,1
DA:1878,1
DA:1884,1
DA:1886,1
DA:1887,1
DA:1891,1
DA:1892,1
DA:1896,1
DA:1897,1
DA:1905,1
DA:1912,1
DA:1914,1
DA:1915,1
DA:1916,1
DA:1917,1
DA:1918,1
DA:1920,1
DA:1921,1
DA:1922,1
DA:1928,1
DA:1929,1
DA:1930,1
DA:1936,1
DA:1937,1
DA:1938,1
DA:1947,1
DA:1958,0
DA:1964,0
DA:1966,0
DA:1967,0
DA:1971,0
DA:1972,0
DA:1976,0
DA:1977,0
DA:1981,0
DA:1982,0
DA:1986,0
DA:1987,0
DA:1991,0
DA:1992,0
DA:1996,0
DA:1997,0
DA:2007,0
DA:2013,0
DA:2015,0
DA:2016,0
DA:2017,0
DA:2018,0
DA:2019,0
DA:2021,0
DA:2022,0
DA:2023,0
DA:2029,0
DA:2030,0
DA:2031,0
DA:2037,0
DA:2038,0
DA:2039,0
DA:2045,0
DA:2046,0
DA:2047,0
DA:2053,0
DA:2054,0
DA:2055,0
DA:2062,0
DA:2063,0
DA:2064,0
DA:2071,0
DA:2072,0
DA:2073,0
DA:2085,0
DA:2099,0
DA:2105,0
DA:2107,0
DA:2108,0
DA:2112,0
DA:2113,0
DA:2117,0
DA:2123,0
DA:2129,0
DA:2131,0
DA:2132,0
DA:2133,0
DA:2134,0
DA:2135,0
DA:2137,0
DA:2138,0
DA:2139,0
DA:2145,0
DA:2146,0
DA:2147,0
DA:2153,0
DA:2154,0
DA:2155,0
DA:2164,0
DA:2178,0
DA:2184,0
DA:2186,0
DA:2187,0
DA:2191,0
DA:2197,0
DA:2203,0
DA:2205,0
DA:2206,0
DA:2207,0
DA:2208,0
DA:2209,0
DA:2211,0
DA:2212,0
DA:2213,0
DA:2219,0
DA:2220,0
DA:2221,0
DA:2230,0
DA:2244,0
DA:2250,0
DA:2252,0
DA:2253,0
DA:2257,0
DA:2259,0
DA:2260,0
DA:2264,0
DA:2265,0
DA:2275,0
DA:2281,0
DA:2283,0
DA:2284,0
DA:2285,0
DA:2286,0
DA:2287,0
DA:2289,0
DA:2290,0
DA:2291,0
DA:2297,0
DA:2298,0
DA:2299,0
DA:2305,0
DA:2306,0
DA:2307,0
DA:2313,0
DA:2314,0
DA:2315,0
DA:2327,0
DA:2337,0
DA:2343,0
DA:2345,0
DA:2346,0
DA:2350,0
DA:2351,0
DA:2355,0
DA:2356,0
DA:2360,0
DA:2361,0
DA:2366,0
DA:2369,0
DA:2370,0
DA:2371,0
DA:2374,0
DA:2377,0
DA:2378,0
DA:2380,0
DA:2383,0
DA:2384,0
DA:2385,0
DA:2394,0
DA:2400,0
DA:2402,0
DA:2403,0
DA:2404,0
DA:2405,0
DA:2406,0
DA:2408,0
DA:2409,0
DA:2410,0
DA:2416,0
DA:2417,0
DA:2418,0
DA:2424,0
DA:2425,0
DA:2426,0
DA:2432,0
DA:2433,0
DA:2434,0
DA:2440,0
DA:2441,0
DA:2442,0
DA:2445,0
DA:2446,0
DA:2447,0
DA:2453,0
DA:2454,0
DA:2455,0
DA:2465,0
DA:2479,0
DA:2485,0
DA:2487,0
DA:2488,0
DA:2492,0
DA:2494,0
DA:2495,0
DA:2499,0
DA:2500,0
DA:2510,0
DA:2516,0
DA:2518,0
DA:2519,0
DA:2520,0
DA:2521,0
DA:2522,0
DA:2524,0
DA:2525,0
DA:2526,0
DA:2532,0
DA:2533,0
DA:2534,0
DA:2540,0
DA:2541,0
DA:2542,0
DA:2548,0
DA:2549,0
DA:2550,0
DA:2562,0
DA:2573,0
DA:2575,0
DA:2577,1
DA:2580,1
DA:2581,0
DA:2583,0
DA:2585,0
DA:2587,0
DA:2589,0
DA:2592,0
DA:2593,0
DA:2594,0
DA:2597,0
DA:2600,0
DA:2601,0
DA:2602,0
DA:2606,0
DA:2608,0
DA:2609,0
DA:2610,0
DA:2611,0
DA:2620,3
DA:2621,3
DA:2624,1
DA:2625,2
DA:2626,1
DA:2627,0
DA:2630,0
DA:2632,1
DA:2633,1
DA:2636,1
DA:2637,1
DA:2639,0
DA:2640,0
DA:2641,0
DA:2646,1
DA:2648,1
DA:2651,0
DA:2653,0
DA:2656,1
DA:2657,1
DA:2659,1
DA:2663,1
DA:2664,1
DA:2665,1
DA:2666,1
DA:2670,2
DA:2676,0
DA:2678,0
DA:2681,0
DA:2686,1
DA:2712,0
DA:2714,0
DA:2715,0
DA:2717,1
DA:2726,1
DA:2727,0
DA:2730,0
DA:2732,0
DA:2734,0
DA:2736,0
DA:2739,0
DA:2740,0
DA:2741,0
DA:2742,0
DA:2743,0
DA:2744,0
DA:2745,0
DA:2746,0
DA:2747,0
DA:2750,0
DA:2753,0
DA:2754,0
DA:2755,0
DA:2756,0
DA:2757,0
DA:2758,0
DA:2759,0
DA:2760,0
DA:2761,0
DA:2765,0
DA:2767,0
DA:2770,0
DA:2771,0
DA:2772,0
DA:2773,0
DA:2774,0
DA:2775,0
DA:2776,0
DA:2777,0
DA:2778,0
DA:2791,3
DA:2792,3
DA:2795,3
DA:2796,3
DA:2799,3
DA:2800,1
DA:2801,2
DA:2804,3
DA:2805,1
DA:2806,2
DA:2809,1
DA:2810,2
DA:2811,1
DA:2812,0
DA:2814,0
DA:2817,1
DA:2818,2
DA:2819,1
DA:2820,0
DA:2822,0
DA:2826,1
DA:2827,2
DA:2828,1
DA:2829,0
DA:2832,0
DA:2836,1
DA:2837,2
DA:2838,1
DA:2839,0
DA:2842,0
DA:2844,1
DA:2845,1
DA:2848,1
DA:2849,1
DA:2851,0
DA:2852,0
DA:2853,0
DA:2854,0
DA:2855,0
DA:2856,0
DA:2857,0
DA:2858,0
DA:2859,0
DA:2864,1
DA:2866,1
DA:2869,0
DA:2873,0
DA:2876,1
DA:2877,1
DA:2879,1
DA:2883,1
DA:2884,1
DA:2885,1
DA:2886,1
DA:2890,1
DA:2891,1
DA:2895,1
DA:2896,1
DA:2900,1
DA:2901,1
DA:2905,2
DA:2906,2
DA:2907,2
DA:2908,2
DA:2914,0
DA:2916,0
DA:2918,0
DA:2920,0
DA:2922,0
DA:2925,0
DA:2930,1
DA:2944,0
DA:2948,0
DA:2949,0
DA:2950,0
DA:2952,1
DA:2956,1
DA:2957,0
DA:2961,0
DA:2963,0
DA:2965,0
DA:2967,0
DA:2970,0
DA:2971,0
DA:2972,0
DA:2973,0
DA:2976,0
DA:2979,0
DA:2980,0
DA:2981,0
DA:2982,0
DA:2986,0
DA:2988,0
DA:2991,0
DA:2992,0
DA:2993,0
DA:2994,0
DA:3007,3
DA:3008,3
DA:3011,3
DA:3012,3
DA:3015,3
DA:3016,3
DA:3018,1
DA:3019,1
DA:3022,1
DA:3023,1
DA:3025,0
DA:3026,0
DA:3027,0
DA:3028,0
DA:3033,1
DA:3035,1
DA:3038,0
DA:3043,0
DA:3046,1
DA:3047,1
DA:3049,1
DA:3051,1
DA:3052,1
DA:3053,1
DA:3054,1
DA:3058,1
DA:3059,1
DA:3063,1
DA:3064,1
DA:3069,1
DA:3081,0
DA:3085,0
DA:3086,0
DA:3087,0
DA:3089,1
DA:3092,1
DA:3093,0
DA:3097,0
DA:3099,0
DA:3101,0
DA:3103,0
DA:3106,0
DA:3107,0
DA:3108,0
DA:3111,0
DA:3114,0
DA:3115,0
DA:3116,0
DA:3120,0
DA:3122,0
DA:3125,0
DA:3126,0
DA:3127,0
DA:3140,3
DA:3141,3
DA:3144,3
DA:3145,3
DA:3147,1
DA:3148,1
DA:3151,1
DA:3152,1
DA:3154,0
DA:3155,0
DA:3156,0
DA:3161,1
DA:3163,1
DA:3166,0
DA:3171,0
DA:3174,1
DA:3175,1
DA:3177,1
DA:3179,1
DA:3180,1
DA:3181,1
DA:3182,1
DA:3186,1
DA:3187,1
DA:3192,1
DA:3208,0
DA:3214,0
DA:3215,0
DA:3216,0
DA:3218,1
DA:3223,1
DA:3224,0
DA:3228,0
DA:3230,0
DA:3232,0
DA:3233,0
DA:3235,0
DA:3238,0
DA:3239,0
DA:3240,0
DA:3241,0
DA:3242,0
DA:3245,0
DA:3248,0
DA:3249,0
DA:3250,0
DA:3251,0
DA:3252,0
DA:3256,0
DA:3258,0
DA:3261,0
DA:3262,0
DA:3263,0
DA:3264,0
DA:3265,0
DA:3278,3
DA:3279,3
DA:3282,3
DA:3283,3
DA:3286,3
DA:3287,3
DA:3290,1
DA:3291,3
DA:3292,0
DA:3294,1
DA:3295,1
DA:3300,1
DA:3301,1
DA:3303,0
DA:3304,0
DA:3305,0
DA:3306,0
DA:3307,0
DA:3312,1
DA:3314,1
DA:3317,0
DA:3324,0
DA:3327,1
DA:3328,1
DA:3330,1
DA:3334,1
DA:3335,1
DA:3336,1
DA:3337,1
DA:3341,1
DA:3342,1
DA:3346,1
DA:3347,1
DA:3351,2
DA:3357,0
DA:3359,0
DA:3362,0
DA:3367,1
DA:3389,0
DA:3393,0
DA:3394,0
DA:3395,0
DA:3397,1
DA:3405,1
DA:3406,0
DA:3410,0
DA:3412,0
DA:3414,0
DA:3415,0
DA:3417,0
DA:3420,0
DA:3421,0
DA:3422,0
DA:3423,0
DA:3424,0
DA:3425,0
DA:3426,0
DA:3427,0
DA:3430,0
DA:3433,0
DA:3434,0
DA:3435,0
DA:3436,0
DA:3437,0
DA:3438,0
DA:3439,0
DA:3440,0
DA:3444,0
DA:3446,0
DA:3449,0
DA:3450,0
DA:3451,0
DA:3452,0
DA:3453,0
DA:3454,0
DA:3455,0
DA:3456,0
DA:3469,3
DA:3470,3
DA:3473,3
DA:3474,3
DA:3477,3
DA:3478,1
DA:3479,2
DA:3482,3
DA:3483,3
DA:3486,3
DA:3487,1
DA:3488,2
DA:3491,3
DA:3492,3
DA:3496,1
DA:3497,2
DA:3498,1
DA:3499,0
DA:3502,0
DA:3504,1
DA:3505,1
DA:3510,1
DA:3511,1
DA:3513,0
DA:3514,0
DA:3515,0
DA:3516,0
DA:3517,0
DA:3518,0
DA:3519,0
DA:3520,0
DA:3525,1
DA:3527,1
DA:3530,0
DA:3535,0
DA:3538,1
DA:3539,1
DA:3541,1
DA:3545,1
DA:3546,1
DA:3547,1
DA:3548,1
DA:3552,1
DA:3553,1
DA:3557,1
DA:3558,1
DA:3562,1
DA:3563,1
DA:3564,1
DA:3565,1
DA:3569,2
DA:3575,0
DA:3577,0
DA:3580,0
DA:3585,1
DA:3601,0
DA:3607,0
DA:3608,0
DA:3609,0
DA:3611,1
DA:3616,1
DA:3617,0
DA:3623,0
DA:3625,0
DA:3628,0
DA:3629,0
DA:3631,0
DA:3635,0
DA:3636,0
DA:3637,0
DA:3638,0
DA:3639,0
DA:3642,0
DA:3645,0
DA:3646,0
DA:3647,0
DA:3648,0
DA:3649,0
DA:3653,0
DA:3655,0
DA:3658,0
DA:3659,0
DA:3660,0
DA:3661,0
DA:3662,0
DA:3675,3
DA:3676,3
DA:3679,3
DA:3680,3
DA:3683,3
DA:3684,3
DA:3687,1
DA:3688,3
DA:3689,0
DA:3691,1
DA:3692,1
DA:3697,1
DA:3699,1
DA:3701,0
DA:3702,0
DA:3703,0
DA:3704,0
DA:3705,0
DA:3710,1
DA:3714,1
DA:3719,0
DA:3726,0
DA:3729,1
DA:3731,1
DA:3733,1
DA:3737,1
DA:3738,1
DA:3739,1
DA:3740,1
DA:3744,1
DA:3745,1
DA:3749,1
DA:3750,1
DA:3754,2
DA:3760,0
DA:3762,0
DA:3765,0
DA:3770,1
DA:3781,0
DA:3783,0
DA:3785,1
DA:3786,1
DA:3787,0
DA:3789,0
DA:3791,0
DA:3793,0
DA:3795,0
DA:3798,0
DA:3799,0
DA:3800,0
DA:3803,0
DA:3806,0
DA:3807,0
DA:3808,0
DA:3812,0
DA:3814,0
DA:3815,0
DA:3816,0
DA:3817,0
DA:3826,3
DA:3827,3
DA:3830,1
DA:3831,3
DA:3832,0
DA:3833,0
DA:3835,1
DA:3836,1
DA:3839,1
DA:3840,1
DA:3842,0
DA:3843,0
DA:3844,0
DA:3849,1
DA:3851,1
DA:3854,0
DA:3856,0
DA:3859,1
DA:3860,1
DA:3862,1
DA:3866,1
DA:3867,1
DA:3868,1
DA:3869,1
DA:3873,2
DA:3879,0
DA:3881,0
DA:3884,0
DA:3889,1
DA:3914,0
DA:3916,0
DA:3918,1
DA:3928,1
DA:3929,0
DA:3932,0
DA:3934,0
DA:3936,0
DA:3938,0
DA:3941,0
DA:3942,0
DA:3943,0
DA:3944,0
DA:3945,0
DA:3946,0
DA:3947,0
DA:3948,0
DA:3949,0
DA:3950,0
DA:3953,0
DA:3956,0
DA:3957,0
DA:3958,0
DA:3959,0
DA:3960,0
DA:3961,0
DA:3962,0
DA:3963,0
DA:3964,0
DA:3965,0
DA:3969,0
DA:3971,0
DA:3972,0
DA:3973,0
DA:3974,0
DA:3975,0
DA:3976,0
DA:3977,0
DA:3978,0
DA:3979,0
DA:3980,0
DA:3981,0
DA:3990,3
DA:3991,3
DA:3994,3
DA:3995,3
DA:3998,3
DA:3999,1
DA:4000,2
DA:4003,3
DA:4004,1
DA:4005,2
DA:4008,1
DA:4009,3
DA:4010,0
DA:4011,0
DA:4014,1
DA:4015,3
DA:4016,0
DA:4017,0
DA:4020,1
DA:4021,2
DA:4022,1
DA:4023,0
DA:4025,0
DA:4028,1
DA:4029,2
DA:4030,1
DA:4031,0
DA:4033,0
DA:4036,1
DA:4037,2
DA:4038,1
DA:4039,0
DA:4041,0
DA:4043,1
DA:4044,1
DA:4047,1
DA:4048,1
DA:4050,0
DA:4051,0
DA:4052,0
DA:4053,0
DA:4054,0
DA:4055,0
DA:4056,0
DA:4057,0
DA:4058,0
DA:4059,0
DA:4064,1
DA:4066,1
DA:4069,0
DA:4071,0
DA:4074,1
DA:4075,1
DA:4077,1
DA:4081,1
DA:4082,1
DA:4083,1
DA:4084,1
DA:4088,1
DA:4089,1
DA:4093,1
DA:4094,1
DA:4098,1
DA:4099,1
DA:4103,2
DA:4104,2
DA:4105,2
DA:4106,2
DA:4107,2
DA:4113,0
DA:4115,0
DA:4117,0
DA:4119,0
DA:4121,0
DA:4123,0
DA:4126,0
DA:4131,1
DA:4145,0
DA:4147,0
DA:4149,1
DA:4153,1
DA:4154,0
DA:4157,0
DA:4159,0
DA:4161,0
DA:4163,0
DA:4166,0
DA:4167,0
DA:4168,0
DA:4169,0
DA:4172,0
DA:4175,0
DA:4176,0
DA:4177,0
DA:4178,0
DA:4182,0
DA:4184,0
DA:4185,0
DA:4186,0
DA:4187,0
DA:4188,0
DA:4201,3
DA:4202,3
DA:4205,3
DA:4206,3
DA:4209,3
DA:4210,3
DA:4212,1
DA:4213,1
DA:4216,1
DA:4217,1
DA:4219,0
DA:4220,0
DA:4221,0
DA:4222,0
DA:4227,1
DA:4229,1
DA:4232,0
DA:4234,0
DA:4237,1
DA:4238,1
DA:4240,1
DA:4242,1
DA:4243,1
DA:4244,1
DA:4245,1
DA:4249,1
DA:4250,1
DA:4254,1
DA:4255,1
DA:4260,1
DA:4272,0
DA:4274,0
DA:4276,1
DA:4279,1
DA:4280,0
DA:4283,0
DA:4285,0
DA:4287,0
DA:4289,0
DA:4292,0
DA:4293,0
DA:4294,0
DA:4297,0
DA:4300,0
DA:4301,0
DA:4302,0
DA:4306,0
DA:4308,0
DA:4309,0
DA:4310,0
DA:4311,0
DA:4324,3
DA:4325,3
DA:4328,3
DA:4329,3
DA:4331,1
DA:4332,1
DA:4335,1
DA:4336,1
DA:4338,0
DA:4339,0
DA:4340,0
DA:4345,1
DA:4347,1
DA:4350,0
DA:4352,0
DA:4355,1
DA:4356,1
DA:4358,1
DA:4360,1
DA:4361,1
DA:4362,1
DA:4363,1
DA:4367,1
DA:4368,1
DA:4373,1
DA:4389,0
DA:4391,0
DA:4392,0
DA:4394,0
DA:4399,0
DA:4400,0
DA:4403,0
DA:4405,0
DA:4407,0
DA:4409,0
DA:4412,0
DA:4413,0
DA:4414,0
DA:4415,0
DA:4416,0
DA:4419,0
DA:4422,0
DA:4423,0
DA:4424,0
DA:4425,0
DA:4426,0
DA:4430,0
DA:4432,0
DA:4435,0
DA:4436,0
DA:4437,0
DA:4438,0
DA:4439,0
DA:4452,0
DA:4453,0
DA:4456,0
DA:4457,0
DA:4460,0
DA:4461,0
DA:4464,0
DA:4465,0
DA:4466,0
DA:4468,0
DA:4469,0
DA:4472,0
DA:4473,0
DA:4475,0
DA:4476,0
DA:4477,0
DA:4478,0
DA:4479,0
DA:4484,0
DA:4486,0
DA:4489,0
DA:4493,0
DA:4496,0
DA:4497,0
DA:4499,0
DA:4503,0
DA:4504,0
DA:4505,0
DA:4506,0
DA:4510,0
DA:4511,0
DA:4515,0
DA:4516,0
DA:4520,0
DA:4526,0
DA:4528,0
DA:4531,0
DA:4536,0
DA:4558,0
DA:4561,0
DA:4563,0
DA:4571,0
DA:4572,0
DA:4575,0
DA:4577,0
DA:4579,0
DA:4581,0
DA:4584,0
DA:4585,0
DA:4586,0
DA:4587,0
DA:4588,0
DA:4589,0
DA:4590,0
DA:4591,0
DA:4594,0
DA:4597,0
DA:4598,0
DA:4599,0
DA:4600,0
DA:4601,0
DA:4602,0
DA:4603,0
DA:4604,0
DA:4608,0
DA:4610,0
DA:4611,0
DA:4612,0
DA:4613,0
DA:4614,0
DA:4615,0
DA:4616,0
DA:4617,0
DA:4618,0
DA:4631,0
DA:4632,0
DA:4635,0
DA:4636,0
DA:4639,0
DA:4640,0
DA:4641,0
DA:4644,0
DA:4645,0
DA:4648,0
DA:4649,0
DA:4650,0
DA:4653,0
DA:4654,0
DA:4657,0
DA:4658,0
DA:4659,0
DA:4660,0
DA:4662,0
DA:4663,0
DA:4666,0
DA:4667,0
DA:4669,0
DA:4670,0
DA:4671,0
DA:4672,0
DA:4673,0
DA:4674,0
DA:4675,0
DA:4676,0
DA:4681,0
DA:4683,0
DA:4686,0
DA:4690,0
DA:4693,0
DA:4694,0
DA:4696,0
DA:4700,0
DA:4701,0
DA:4702,0
DA:4703,0
DA:4707,0
DA:4708,0
DA:4712,0
DA:4713,0
DA:4717,0
DA:4718,0
DA:4719,0
DA:4720,0
DA:4724,0
DA:4730,0
DA:4732,0
DA:4735,0
DA:4740,0
DA:4756,0
DA:4758,0
DA:4759,0
DA:4761,0
DA:4766,0
DA:4767,0
DA:4770,0
DA:4772,0
DA:4774,0
DA:4776,0
DA:4779,0
DA:4780,0
DA:4781,0
DA:4782,0
DA:4783,0
DA:4786,0
DA:4789,0
DA:4790,0
DA:4791,0
DA:4792,0
DA:4793,0
DA:4797,0
DA:4799,0
DA:4802,0
DA:4803,0
DA:4804,0
DA:4805,0
DA:4806,0
DA:4819,0
DA:4820,0
DA:4823,0
DA:4824,0
DA:4827,0
DA:4828,0
DA:4831,0
DA:4832,0
DA:4833,0
DA:4835,0
DA:4836,0
DA:4839,0
DA:4840,0
DA:4842,0
DA:4843,0
DA:4844,0
DA:4845,0
DA:4846,0
DA:4851,0
DA:4853,0
DA:4856,0
DA:4860,0
DA:4863,0
DA:4864,0
DA:4866,0
DA:4870,0
DA:4871,0
DA:4872,0
DA:4873,0
DA:4877,0
DA:4878,0
DA:4882,0
DA:4883,0
DA:4887,0
DA:4893,0
DA:4895,0
DA:4898,0
DA:4903,0
DA:4916,0
DA:4919,0
DA:4921,1
DA:4924,1
DA:4925,0
DA:4928,0
DA:4930,0
DA:4932,0
DA:4934,0
DA:4937,0
DA:4938,0
DA:4939,0
DA:4942,0
DA:4945,0
DA:4946,0
DA:4947,0
DA:4951,0
DA:4953,0
DA:4954,0
DA:4955,0
DA:4956,0
DA:4969,3
DA:4970,3
DA:4974,1
DA:4975,2
DA:4976,1
DA:4977,0
DA:4980,0
DA:4982,1
DA:4983,1
DA:4986,1
DA:4987,1
DA:4989,0
DA:4990,0
DA:4991,0
DA:4996,1
DA:4998,1
DA:5001,0
DA:5005,0
DA:5008,1
DA:5009,1
DA:5011,1
DA:5015,1
DA:5016,1
DA:5017,1
DA:5018,1
DA:5022,2
DA:5028,0
DA:5030,0
DA:5033,0
DA:5038,1
DA:5060,0
DA:5064,0
DA:5065,0
DA:5066,0
DA:5068,1
DA:5074,1
DA:5075,0
DA:5079,0
DA:5081,0
DA:5083,0
DA:5084,0
DA:5086,0
DA:5089,0
DA:5090,0
DA:5091,0
DA:5092,0
DA:5093,0
DA:5094,0
DA:5097,0
DA:5100,0
DA:5101,0
DA:5102,0
DA:5103,0
DA:5104,0
DA:5105,0
DA:5109,0
DA:5111,0
DA:5114,0
DA:5115,0
DA:5116,0
DA:5117,0
DA:5118,0
DA:5119,0
DA:5132,3
DA:5133,3
DA:5136,3
DA:5137,3
DA:5140,3
DA:5141,3
DA:5145,1
DA:5146,2
DA:5147,1
DA:5148,0
DA:5151,0
DA:5155,1
DA:5156,2
DA:5157,1
DA:5160,0
DA:5165,0
DA:5167,1
DA:5168,1
DA:5173,1
DA:5174,1
DA:5176,0
DA:5177,0
DA:5178,0
DA:5179,0
DA:5180,0
DA:5181,0
DA:5186,1
DA:5188,1
DA:5191,0
DA:5196,0
DA:5199,1
DA:5200,1
DA:5202,1
DA:5206,1
DA:5207,1
DA:5208,1
DA:5209,1
DA:5213,1
DA:5214,1
DA:5218,1
DA:5219,1
DA:5223,2
DA:5224,2
DA:5230,0
DA:5232,0
DA:5234,0
DA:5237,0
DA:5242,1
DA:5258,0
DA:5264,0
DA:5265,0
DA:5266,0
DA:5268,1
DA:5273,1
DA:5274,0
DA:5280,0
DA:5282,0
DA:5285,0
DA:5286,0
DA:5288,0
DA:5292,0
DA:5293,0
DA:5294,0
DA:5295,0
DA:5296,0
DA:5299,0
DA:5302,0
DA:5303,0
DA:5304,0
DA:5305,0
DA:5306,0
DA:5310,0
DA:5312,0
DA:5315,0
DA:5316,0
DA:5317,0
DA:5318,0
DA:5319,0
DA:5332,3
DA:5333,3
DA:5336,3
DA:5337,3
DA:5340,3
DA:5341,3
DA:5344,3
DA:5345,3
DA:5347,1
DA:5348,1
DA:5353,1
DA:5354,1
DA:5356,0
DA:5357,0
DA:5358,0
DA:5359,0
DA:5360,0
DA:5365,1
DA:5369,1
DA:5372,0
DA:5379,0
DA:5382,1
DA:5384,1
DA:5386,1
DA:5388,1
DA:5389,1
DA:5390,1
DA:5391,1
DA:5395,1
DA:5396,1
DA:5400,1
DA:5401,1
DA:5405,1
DA:5407,1
DA:5421,0
DA:5427,0
DA:5428,0
DA:5429,0
DA:5431,1
DA:5435,1
DA:5436,0
DA:5442,0
DA:5444,0
DA:5447,0
DA:5448,0
DA:5450,0
DA:5454,0
DA:5455,0
DA:5456,0
DA:5457,0
DA:5460,0
DA:5463,0
DA:5464,0
DA:5465,0
DA:5466,0
DA:5470,0
DA:5472,0
DA:5475,0
DA:5476,0
DA:5477,0
DA:5478,0
DA:5491,3
DA:5492,3
DA:5495,3
DA:5496,1
DA:5497,2
DA:5500,3
DA:5501,1
DA:5502,2
DA:5504,1
DA:5505,1
DA:5510,1
DA:5512,1
DA:5514,0
DA:5515,0
DA:5516,0
DA:5517,0
DA:5522,1
DA:5526,1
DA:5531,0
DA:5538,0
DA:5541,1
DA:5543,1
DA:5545,1
DA:5547,1
DA:5548,1
DA:5549,1
DA:5550,1
DA:5554,1
DA:5555,1
DA:5559,1
DA:5560,1
DA:5565,1
DA:5586,0
DA:5588,0
DA:5590,0
DA:5598,0
DA:5599,0
DA:5601,0
DA:5603,0
DA:5605,0
DA:5607,0
DA:5610,0
DA:5611,0
DA:5612,0
DA:5613,0
DA:5614,0
DA:5615,0
DA:5616,0
DA:5617,0
DA:5620,0
DA:5623,0
DA:5624,0
DA:5625,0
DA:5626,0
DA:5627,0
DA:5628,0
DA:5629,0
DA:5630,0
DA:5634,0
DA:5636,0
DA:5637,0
DA:5638,0
DA:5639,0
DA:5640,0
DA:5641,0
DA:5642,0
DA:5643,0
DA:5644,0
DA:5653,0
DA:5654,0
DA:5657,0
DA:5658,0
DA:5661,0
DA:5662,0
DA:5663,0
DA:5666,0
DA:5667,0
DA:5668,0
DA:5671,0
DA:5672,0
DA:5673,0
DA:5674,0
DA:5677,0
DA:5678,0
DA:5679,0
DA:5680,0
DA:5683,0
DA:5684,0
DA:5685,0
DA:5686,0
DA:5688,0
DA:5690,0
DA:5691,0
DA:5694,0
DA:5695,0
DA:5697,0
DA:5698,0
DA:5699,0
DA:5700,0
DA:5701,0
DA:5702,0
DA:5703,0
DA:5704,0
DA:5709,0
DA:5711,0
DA:5714,0
DA:5716,0
DA:5719,0
DA:5720,0
DA:5722,0
DA:5726,0
DA:5727,0
DA:5728,0
DA:5729,0
DA:5733,0
DA:5734,0
DA:5738,0
DA:5739,0
DA:5743,0
DA:5744,0
DA:5748,0
DA:5749,0
DA:5750,0
DA:5756,0
DA:5758,0
DA:5760,0
DA:5762,0
DA:5765,0
DA:5770,0
DA:5783,0
DA:5785,0
DA:5787,0
DA:5791,0
DA:5792,0
DA:5795,0
DA:5797,0
DA:5799,0
DA:5801,0
DA:5804,0
DA:5805,0
DA:5806,0
DA:5807,0
DA:5810,0
DA:5813,0
DA:5814,0
DA:5815,0
DA:5816,0
DA:5820,0
DA:5822,0
DA:5823,0
DA:5824,0
DA:5825,0
DA:5826,0
DA:5836,0
DA:5837,0
DA:5840,0
DA:5841,0
DA:5844,0
DA:5845,0
DA:5847,0
DA:5848,0
DA:5851,0
DA:5852,0
DA:5854,0
DA:5855,0
DA:5856,0
DA:5857,0
DA:5862,0
DA:5864,0
DA:5867,0
DA:5869,0
DA:5872,0
DA:5873,0
DA:5875,0
DA:5877,0
DA:5878,0
DA:5879,0
DA:5880,0
DA:5884,0
DA:5885,0
DA:5889,0
DA:5890,0
DA:5895,0
DA:5906,0
DA:5908,0
DA:5910,0
DA:5913,0
DA:5914,0
DA:5917,0
DA:5919,0
DA:5921,0
DA:5923,0
DA:5926,0
DA:5927,0
DA:5928,0
DA:5931,0
DA:5934,0
DA:5935,0
DA:5936,0
DA:5940,0
DA:5942,0
DA:5943,0
DA:5944,0
DA:5945,0
DA:5958,0
DA:5959,0
DA:5962,0
DA:5963,0
DA:5965,0
DA:5966,0
DA:5969,0
DA:5970,0
DA:5972,0
DA:5973,0
DA:5974,0
DA:5979,0
DA:5981,0
DA:5984,0
DA:5986,0
DA:5989,0
DA:5990,0
DA:5992,0
DA:5994,0
DA:5995,0
DA:5996,0
DA:5997,0
DA:6001,0
DA:6002,0
DA:6007,0
DA:6023,0
DA:6025,0
DA:6027,0
DA:6032,0
DA:6033,0
DA:6036,0
DA:6038,0
DA:6040,0
DA:6042,0
DA:6045,0
DA:6046,0
DA:6047,0
DA:6048,0
DA:6049,0
DA:6052,0
DA:6055,0
DA:6056,0
DA:6057,0
DA:6058,0
DA:6059,0
DA:6063,0
DA:6065,0
DA:6066,0
DA:6067,0
DA:6068,0
DA:6069,0
DA:6070,0
DA:6083,0
DA:6084,0
DA:6087,0
DA:6088,0
DA:6091,0
DA:6092,0
DA:6095,0
DA:6096,0
DA:6097,0
DA:6099,0
DA:6100,0
DA:6103,0
DA:6104,0
DA:6106,0
DA:6107,0
DA:6108,0
DA:6109,0
DA:6110,0
DA:6115,0
DA:6117,0
DA:6120,0
DA:6122,0
DA:6125,0
DA:6126,0
DA:6128,0
DA:6132,0
DA:6133,0
DA:6134,0
DA:6135,0
DA:6139,0
DA:6140,0
DA:6144,0
DA:6145,0
DA:6149,0
DA:6155,0
DA:6157,0
DA:6160,0
DA:6165,0
DA:6186,0
DA:6187,0
DA:6189,0
DA:6197,0
DA:6198,0
DA:6200,0
DA:6202,0
DA:6203,0
DA:6205,0
DA:6208,0
DA:6209,0
DA:6210,0
DA:6211,0
DA:6212,0
DA:6213,0
DA:6214,0
DA:6215,0
DA:6218,0
DA:6221,0
DA:6222,0
DA:6223,0
DA:6224,0
DA:6225,0
DA:6226,0
DA:6227,0
DA:6228,0
DA:6232,0
DA:6234,0
DA:6235,0
DA:6236,0
DA:6237,0
DA:6238,0
DA:6239,0
DA:6240,0
DA:6241,0
DA:6242,0
DA:6251,0
DA:6252,0
DA:6255,0
DA:6256,0
DA:6259,0
DA:6260,0
DA:6261,0
DA:6264,0
DA:6265,0
DA:6268,0
DA:6269,0
DA:6270,0
DA:6273,0
DA:6274,0
DA:6277,0
DA:6278,0
DA:6279,0
DA:6280,0
DA:6282,0
DA:6283,0
DA:6286,0
DA:6287,0
DA:6289,0
DA:6290,0
DA:6291,0
DA:6292,0
DA:6293,0
DA:6294,0
DA:6295,0
DA:6296,0
DA:6301,0
DA:6303,0
DA:6306,0
DA:6308,0
DA:6311,0
DA:6312,0
DA:6314,0
DA:6318,0
DA:6319,0
DA:6320,0
DA:6321,0
DA:6325,0
DA:6326,0
DA:6330,0
DA:6331,0
DA:6335,0
DA:6336,0
DA:6337,0
DA:6338,0
DA:6342,0
DA:6348,0
DA:6350,0
DA:6353,0
DA:6358,0
DA:6373,0
DA:6375,0
DA:6377,0
DA:6382,0
DA:6383,0
DA:6386,0
DA:6388,0
DA:6390,0
DA:6392,0
DA:6395,0
DA:6396,0
DA:6397,0
DA:6398,0
DA:6399,0
DA:6402,0
DA:6405,0
DA:6406,0
DA:6407,0
DA:6408,0
DA:6409,0
DA:6413,0
DA:6415,0
DA:6416,0
DA:6417,0
DA:6418,0
DA:6419,0
DA:6420,0
DA:6429,0
DA:6430,0
DA:6433,0
DA:6434,0
DA:6437,0
DA:6438,0
DA:6441,0
DA:6442,0
DA:6443,0
DA:6445,0
DA:6446,0
DA:6449,0
DA:6450,0
DA:6452,0
DA:6453,0
DA:6454,0
DA:6455,0
DA:6456,0
DA:6461,0
DA:6463,0
DA:6466,0
DA:6468,0
DA:6471,0
DA:6472,0
DA:6474,0
DA:6478,0
DA:6479,0
DA:6480,0
DA:6481,0
DA:6485,0
DA:6486,0
DA:6490,0
DA:6491,0
DA:6495,0
DA:6501,0
DA:6503,0
DA:6506,0
DA:6511,0
LF:2460
LH:943
end_of_record
SF:lib\data\graphql\__generated__\cargo_trains.data.gql.dart
DA:17,1
DA:22,1
DA:23,1
DA:28,1
DA:29,1
DA:31,3
DA:32,1
DA:36,1
DA:37,2
DA:38,1
DA:48,1
DA:54,1
DA:56,1
DA:76,1
DA:77,1
DA:79,0
DA:80,0
DA:81,0
DA:85,0
DA:87,0
DA:88,0
DA:98,1
DA:104,1
DA:106,1
DA:115,1
DA:117,1
DA:119,0
DA:120,0
DA:121,0
DA:125,0
DA:127,0
DA:128,0
DA:138,1
DA:144,1
DA:146,1
DA:153,1
DA:155,1
DA:157,0
DA:158,0
DA:159,0
DA:163,0
DA:165,0
DA:166,0
DA:176,1
DA:183,1
DA:185,1
DA:196,1
DA:198,1
DA:200,0
DA:201,0
DA:202,0
DA:206,0
DA:208,0
DA:209,0
DA:219,1
DA:226,1
DA:228,1
DA:245,1
DA:247,1
DA:249,0
DA:250,0
DA:251,0
DA:255,0
DA:257,0
DA:258,0
DA:268,1
DA:277,1
DA:280,1
DA:291,1
DA:294,1
DA:296,0
DA:297,0
DA:299,0
DA:303,0
DA:304,0
DA:306,0
DA:313,1
DA:318,1
DA:319,1
DA:324,1
DA:325,1
DA:327,3
DA:328,1
DA:332,1
DA:333,2
DA:334,1
DA:343,1
DA:349,1
DA:350,1
DA:369,1
DA:370,1
DA:372,0
DA:373,0
DA:374,0
DA:378,0
DA:379,0
DA:380,0
DA:390,1
DA:396,1
DA:397,1
DA:406,1
DA:407,1
DA:409,0
DA:410,0
DA:411,0
DA:415,0
DA:416,0
DA:417,0
DA:427,1
DA:433,1
DA:434,1
DA:441,1
DA:442,1
DA:444,0
DA:445,0
DA:446,0
DA:450,0
DA:452,0
DA:453,0
DA:463,0
DA:469,0
DA:471,0
DA:482,1
DA:483,1
DA:485,0
DA:486,0
DA:487,0
DA:491,0
DA:493,0
DA:494,0
DA:504,0
DA:510,0
DA:512,0
DA:529,1
DA:530,1
DA:532,0
DA:533,0
DA:534,0
DA:538,0
DA:540,0
DA:541,0
DA:551,0
DA:557,0
DA:559,0
DA:570,1
DA:571,1
DA:573,0
DA:574,0
DA:575,0
DA:579,0
DA:581,0
DA:582,0
DA:591,1
DA:597,1
DA:599,1
DA:605,1
DA:606,1
DA:608,0
DA:609,0
DA:613,0
DA:615,0
DA:616,0
DA:625,1
DA:632,1
DA:634,1
DA:644,1
DA:646,1
DA:648,0
DA:649,0
DA:653,0
DA:655,0
DA:656,0
DA:665,1
DA:673,1
DA:676,1
DA:683,1
DA:685,1
DA:687,0
DA:688,0
DA:692,0
DA:694,0
DA:695,0
DA:704,1
DA:713,1
DA:716,1
DA:722,1
DA:725,1
DA:727,0
DA:729,0
DA:733,0
DA:734,0
DA:736,0
DA:777,0
DA:783,0
DA:784,0
DA:801,1
DA:802,1
DA:804,0
DA:805,0
DA:806,0
DA:810,0
DA:811,0
DA:812,0
DA:821,0
DA:827,0
DA:828,0
DA:837,1
DA:838,1
DA:840,0
DA:841,0
DA:842,0
DA:846,0
DA:847,0
DA:848,0
DA:857,0
DA:863,0
DA:864,0
DA:871,1
DA:872,1
DA:874,0
DA:875,0
DA:876,0
DA:880,0
DA:881,0
DA:882,0
DA:892,0
DA:898,0
DA:899,0
DA:910,1
DA:911,1
DA:913,0
DA:914,0
DA:915,0
DA:919,0
DA:921,0
DA:922,0
DA:948,0
DA:953,0
DA:954,0
DA:971,2
DA:973,0
DA:974,0
DA:975,0
DA:979,0
DA:980,0
DA:981,0
DA:990,0
DA:996,0
DA:997,0
DA:1008,1
DA:1009,1
DA:1011,0
DA:1012,0
DA:1013,0
DA:1017,0
DA:1018,0
DA:1019,0
LF:257
LH:102
end_of_record
SF:lib\data\graphql\__generated__\schema.schema.gql.g.dart
DA:17,0
DA:19,0
DA:21,0
DA:23,0
DA:25,0
DA:27,0
DA:29,0
DA:31,0
DA:34,0
DA:38,0
DA:39,0
DA:60,0
DA:62,0
DA:64,0
DA:66,0
DA:68,0
DA:70,0
DA:73,0
DA:77,0
DA:78,0
DA:93,0
DA:95,0
DA:97,0
DA:100,0
DA:104,0
DA:105,0
DA:117,0
DA:119,0
DA:121,0
DA:123,0
DA:126,0
DA:130,0
DA:131,0
DA:143,1
DA:145,1
DA:147,1
DA:150,0
DA:154,0
DA:155,0
DA:165,0
DA:167,0
DA:169,0
DA:172,0
DA:176,0
DA:177,0
DA:187,0
DA:189,0
DA:191,0
DA:194,0
DA:198,0
DA:199,0
DA:204,2
DA:205,1
DA:207,2
DA:208,1
DA:209,2
DA:210,1
DA:211,2
DA:212,1
DA:213,2
DA:214,1
DA:215,2
DA:216,1
DA:217,3
DA:219,2
DA:220,1
DA:221,2
DA:222,1
DA:223,2
DA:224,1
DA:225,2
DA:226,1
DA:227,2
DA:228,1
DA:229,3
DA:230,3
DA:231,2
DA:232,1
DA:233,2
DA:234,1
DA:235,2
DA:236,1
DA:238,2
DA:239,1
DA:241,2
DA:242,1
DA:243,2
DA:244,1
DA:245,3
DA:246,2
DA:247,1
DA:248,3
DA:250,2
DA:251,1
DA:252,2
DA:253,1
DA:254,2
DA:255,1
DA:256,2
DA:257,1
DA:258,2
DA:259,1
DA:260,2
DA:261,1
DA:262,2
DA:263,1
DA:264,2
DA:265,1
DA:266,2
DA:267,1
DA:268,2
DA:269,1
DA:271,2
DA:272,1
DA:274,2
DA:275,1
DA:277,2
DA:278,1
DA:280,2
DA:281,1
DA:283,2
DA:284,1
DA:286,2
DA:287,1
DA:289,2
DA:290,1
DA:292,2
DA:293,1
DA:295,2
DA:296,1
DA:298,2
DA:299,1
DA:301,2
DA:302,1
DA:304,2
DA:305,1
DA:307,2
DA:308,1
DA:310,2
DA:311,1
DA:313,2
DA:314,1
DA:316,2
DA:317,1
DA:319,2
DA:320,1
DA:322,2
DA:323,1
DA:325,2
DA:326,1
DA:328,2
DA:329,1
DA:331,2
DA:332,1
DA:334,2
DA:335,1
DA:336,2
DA:337,1
DA:338,2
DA:339,1
DA:341,2
DA:342,1
DA:343,2
DA:344,1
DA:345,2
DA:346,1
DA:347,2
DA:348,1
DA:349,2
DA:350,1
DA:351,3
DA:352,2
DA:353,1
DA:354,3
DA:356,2
DA:357,1
DA:358,2
DA:359,1
DA:360,2
DA:361,1
DA:363,2
DA:364,1
DA:365,2
DA:366,1
DA:367,2
DA:368,1
DA:369,2
DA:370,1
DA:371,2
DA:372,1
DA:373,2
DA:374,1
DA:375,2
DA:376,1
DA:377,2
DA:378,1
DA:380,2
DA:381,1
DA:382,2
DA:383,1
DA:384,2
DA:385,1
DA:387,2
DA:388,1
DA:389,2
DA:390,1
DA:391,2
DA:392,1
DA:393,2
DA:394,1
DA:396,2
DA:397,1
DA:398,2
DA:399,1
DA:400,2
DA:401,1
DA:402,2
DA:403,1
DA:405,2
DA:406,1
DA:408,2
DA:409,1
DA:410,2
DA:411,1
DA:412,2
DA:413,1
DA:414,2
DA:415,1
DA:416,2
DA:417,1
DA:418,2
DA:419,1
DA:420,3
DA:421,2
DA:422,1
DA:423,2
DA:424,1
DA:425,2
DA:426,1
DA:427,3
DA:435,0
DA:441,0
DA:443,0
DA:446,0
DA:447,0
DA:448,0
DA:451,0
DA:454,0
DA:455,0
DA:456,0
DA:462,0
DA:468,0
DA:470,0
DA:471,0
DA:472,0
DA:473,0
DA:474,0
DA:476,0
DA:477,0
DA:478,0
DA:484,0
DA:485,0
DA:486,0
DA:495,0
DA:509,0
DA:515,0
DA:517,0
DA:520,0
DA:521,0
DA:522,0
DA:531,0
DA:537,0
DA:539,0
DA:540,0
DA:541,0
DA:542,0
DA:543,0
DA:545,0
DA:546,0
DA:547,0
DA:557,0
DA:571,0
DA:577,0
DA:579,0
DA:582,0
DA:583,0
DA:584,0
DA:590,0
DA:593,0
DA:594,0
DA:595,0
DA:601,0
DA:604,0
DA:605,0
DA:606,0
DA:612,0
DA:615,0
DA:616,0
DA:617,0
DA:626,0
DA:632,0
DA:634,0
DA:635,0
DA:636,0
DA:637,0
DA:638,0
DA:640,0
DA:641,0
DA:642,0
DA:648,0
DA:649,0
DA:650,0
DA:656,0
DA:657,0
DA:658,0
DA:664,0
DA:665,0
DA:666,0
DA:675,0
DA:686,0
DA:692,0
DA:694,0
DA:697,0
DA:698,0
DA:699,0
DA:705,0
DA:708,0
DA:709,0
DA:710,0
DA:716,0
DA:719,0
DA:720,0
DA:721,0
DA:727,0
DA:730,0
DA:731,0
DA:732,0
DA:738,0
DA:741,0
DA:742,0
DA:743,0
DA:751,0
DA:754,0
DA:755,0
DA:756,0
DA:767,0
DA:773,0
DA:775,0
DA:776,0
DA:777,0
DA:778,0
DA:779,0
DA:781,0
DA:782,0
DA:783,0
DA:790,0
DA:791,0
DA:792,0
DA:799,0
DA:800,0
DA:801,0
DA:808,0
DA:809,0
DA:810,0
DA:817,0
DA:818,0
DA:819,0
DA:828,0
DA:829,0
DA:830,0
DA:842,0
DA:856,0
DA:862,0
DA:864,0
DA:867,0
DA:868,0
DA:869,0
DA:878,0
DA:884,0
DA:886,0
DA:887,0
DA:888,0
DA:889,0
DA:890,0
DA:892,0
DA:893,0
DA:894,0
DA:904,0
DA:914,0
DA:920,0
DA:922,0
DA:925,0
DA:926,0
DA:927,0
DA:933,0
DA:936,0
DA:937,0
DA:938,0
DA:944,0
DA:947,0
DA:948,0
DA:949,0
DA:958,0
DA:964,0
DA:966,0
DA:967,0
DA:968,0
DA:969,0
DA:970,0
DA:972,0
DA:973,0
DA:974,0
DA:981,0
DA:982,0
DA:983,0
DA:990,0
DA:991,0
DA:992,0
DA:1002,0
DA:1012,0
DA:1018,0
DA:1020,0
DA:1023,0
DA:1024,0
DA:1025,0
DA:1031,0
DA:1034,0
DA:1035,0
DA:1036,0
DA:1042,0
DA:1045,0
DA:1046,0
DA:1047,0
DA:1053,0
DA:1056,0
DA:1057,0
DA:1058,0
DA:1066,0
DA:1069,0
DA:1070,0
DA:1071,0
DA:1082,0
DA:1088,0
DA:1090,0
DA:1091,0
DA:1092,0
DA:1093,0
DA:1094,0
DA:1096,0
DA:1097,0
DA:1098,0
DA:1105,0
DA:1106,0
DA:1107,0
DA:1114,0
DA:1115,0
DA:1116,0
DA:1123,0
DA:1124,0
DA:1125,0
DA:1134,0
DA:1135,0
DA:1136,0
DA:1148,0
DA:1162,0
DA:1168,0
DA:1170,0
DA:1173,0
DA:1174,0
DA:1175,0
DA:1184,0
DA:1190,0
DA:1192,0
DA:1193,0
DA:1194,0
DA:1195,0
DA:1196,0
DA:1198,0
DA:1199,0
DA:1200,0
DA:1210,0
DA:1224,0
DA:1230,0
DA:1232,0
DA:1235,0
DA:1236,0
DA:1237,0
DA:1243,0
DA:1246,0
DA:1247,0
DA:1248,0
DA:1257,0
DA:1263,0
DA:1265,0
DA:1266,0
DA:1267,0
DA:1268,0
DA:1269,0
DA:1271,0
DA:1272,0
DA:1273,0
DA:1279,0
DA:1280,0
DA:1281,0
DA:1291,0
DA:1302,0
DA:1308,0
DA:1310,0
DA:1313,0
DA:1314,0
DA:1315,0
DA:1321,0
DA:1324,0
DA:1325,0
DA:1326,0
DA:1332,0
DA:1335,0
DA:1336,0
DA:1337,0
DA:1343,0
DA:1346,0
DA:1347,0
DA:1348,0
DA:1356,0
DA:1359,0
DA:1360,0
DA:1361,0
DA:1372,0
DA:1378,0
DA:1380,0
DA:1381,0
DA:1382,0
DA:1383,0
DA:1384,0
DA:1386,0
DA:1387,0
DA:1388,0
DA:1395,0
DA:1396,0
DA:1397,0
DA:1404,0
DA:1405,0
DA:1406,0
DA:1413,0
DA:1414,0
DA:1415,0
DA:1424,0
DA:1425,0
DA:1426,0
DA:1438,0
DA:1449,0
DA:1455,0
DA:1457,0
DA:1458,0
DA:1468,0
DA:1474,0
DA:1476,0
DA:1477,0
DA:1478,0
DA:1479,0
DA:1480,0
DA:1482,0
DA:1483,0
DA:1484,0
DA:1496,0
DA:1507,0
DA:1513,0
DA:1515,0
DA:1518,0
DA:1519,0
DA:1520,0
DA:1523,0
DA:1526,0
DA:1527,0
DA:1528,0
DA:1531,0
DA:1534,0
DA:1535,0
DA:1536,0
DA:1539,0
DA:1542,0
DA:1543,0
DA:1544,0
DA:1550,0
DA:1556,0
DA:1558,0
DA:1559,0
DA:1560,0
DA:1561,0
DA:1562,0
DA:1564,0
DA:1565,0
DA:1566,0
DA:1572,0
DA:1573,0
DA:1574,0
DA:1580,0
DA:1581,0
DA:1582,0
DA:1588,0
DA:1589,0
DA:1590,0
DA:1599,0
DA:1609,0
DA:1615,0
DA:1617,0
DA:1620,0
DA:1621,0
DA:1622,0
DA:1625,0
DA:1628,0
DA:1629,0
DA:1630,0
DA:1633,0
DA:1636,0
DA:1637,0
DA:1638,0
DA:1641,0
DA:1644,0
DA:1645,0
DA:1646,0
DA:1652,0
DA:1658,0
DA:1660,0
DA:1661,0
DA:1662,0
DA:1663,0
DA:1664,0
DA:1666,0
DA:1667,0
DA:1668,0
DA:1674,0
DA:1675,0
DA:1676,0
DA:1682,0
DA:1683,0
DA:1684,0
DA:1690,0
DA:1691,0
DA:1692,0
DA:1701,0
DA:1711,0
DA:1716,0
DA:1718,0
DA:1723,0
DA:1736,0
DA:1742,0
DA:1744,0
DA:1745,0
DA:1751,0
DA:1752,0
DA:1762,0
DA:1768,0
DA:1770,0
DA:1771,0
DA:1772,0
DA:1773,0
DA:1774,0
DA:1776,0
DA:1777,0
DA:1778,0
DA:1787,0
DA:1788,0
DA:1789,0
DA:1801,0
DA:1812,0
DA:1818,0
DA:1820,0
DA:1821,0
DA:1829,0
DA:1835,0
DA:1837,0
DA:1838,0
DA:1839,0
DA:1840,0
DA:1841,0
DA:1843,0
DA:1844,0
DA:1845,0
DA:1854,0
DA:1865,0
DA:1871,0
DA:1873,0
DA:1876,0
DA:1877,0
DA:1878,0
DA:1881,0
DA:1884,0
DA:1885,0
DA:1886,0
DA:1892,0
DA:1898,0
DA:1900,0
DA:1901,0
DA:1902,0
DA:1903,0
DA:1904,0
DA:1906,0
DA:1907,0
DA:1908,0
DA:1914,0
DA:1915,0
DA:1916,0
DA:1925,0
DA:1939,0
DA:1945,0
DA:1947,0
DA:1950,0
DA:1951,0
DA:1952,0
DA:1961,0
DA:1967,0
DA:1969,0
DA:1970,0
DA:1971,0
DA:1972,0
DA:1973,0
DA:1975,0
DA:1976,0
DA:1977,0
DA:1987,0
DA:2001,0
DA:2007,0
DA:2009,0
DA:2012,0
DA:2013,0
DA:2014,0
DA:2020,0
DA:2023,0
DA:2024,0
DA:2025,0
DA:2031,0
DA:2034,0
DA:2035,0
DA:2036,0
DA:2042,0
DA:2045,0
DA:2046,0
DA:2047,0
DA:2056,0
DA:2062,0
DA:2064,0
DA:2065,0
DA:2066,0
DA:2067,0
DA:2068,0
DA:2070,0
DA:2071,0
DA:2072,0
DA:2078,0
DA:2079,0
DA:2080,0
DA:2086,0
DA:2087,0
DA:2088,0
DA:2094,0
DA:2095,0
DA:2096,0
DA:2105,0
DA:2119,0
DA:2125,0
DA:2127,0
DA:2130,0
DA:2131,0
DA:2132,0
DA:2138,0
DA:2141,0
DA:2142,0
DA:2143,0
DA:2149,0
DA:2152,0
DA:2153,0
DA:2154,0
DA:2160,0
DA:2163,0
DA:2164,0
DA:2165,0
DA:2171,0
DA:2174,0
DA:2175,0
DA:2176,0
DA:2184,0
DA:2187,0
DA:2188,0
DA:2189,0
DA:2200,0
DA:2206,0
DA:2208,0
DA:2209,0
DA:2210,0
DA:2211,0
DA:2212,0
DA:2214,0
DA:2215,0
DA:2216,0
DA:2223,0
DA:2224,0
DA:2225,0
DA:2232,0
DA:2233,0
DA:2234,0
DA:2241,0
DA:2242,0
DA:2243,0
DA:2250,0
DA:2251,0
DA:2252,0
DA:2261,0
DA:2262,0
DA:2263,0
DA:2275,0
DA:2285,0
DA:2291,0
DA:2293,0
DA:2296,0
DA:2297,0
DA:2298,0
DA:2301,0
DA:2304,0
DA:2305,0
DA:2306,0
DA:2312,0
DA:2318,0
DA:2320,0
DA:2321,0
DA:2322,0
DA:2323,0
DA:2324,0
DA:2326,0
DA:2327,0
DA:2328,0
DA:2334,0
DA:2335,0
DA:2336,0
DA:2345,0
DA:2356,0
DA:2361,0
DA:2363,0
DA:2368,0
DA:2377,0
DA:2383,0
DA:2385,0
DA:2388,0
DA:2389,0
DA:2391,0
DA:2394,0
DA:2395,0
DA:2397,0
DA:2400,0
DA:2401,0
DA:2403,0
DA:2406,0
DA:2407,0
DA:2412,0
DA:2418,0
DA:2420,0
DA:2421,0
DA:2422,0
DA:2423,0
DA:2424,0
DA:2426,0
DA:2427,0
DA:2428,0
DA:2431,0
DA:2432,0
DA:2433,0
DA:2436,0
DA:2437,0
DA:2438,0
DA:2441,0
DA:2442,0
DA:2443,0
DA:2449,0
DA:2463,0
DA:2469,0
DA:2471,0
DA:2474,0
DA:2475,0
DA:2476,0
DA:2485,0
DA:2491,0
DA:2493,0
DA:2494,0
DA:2495,0
DA:2496,0
DA:2497,0
DA:2499,0
DA:2500,0
DA:2501,0
DA:2511,0
DA:2525,0
DA:2531,0
DA:2533,0
DA:2536,0
DA:2537,0
DA:2538,0
DA:2544,0
DA:2547,0
DA:2548,0
DA:2549,0
DA:2555,0
DA:2558,0
DA:2559,0
DA:2560,0
DA:2566,0
DA:2569,0
DA:2570,0
DA:2571,0
DA:2580,0
DA:2586,0
DA:2588,0
DA:2589,0
DA:2590,0
DA:2591,0
DA:2592,0
DA:2594,0
DA:2595,0
DA:2596,0
DA:2602,0
DA:2603,0
DA:2604,0
DA:2610,0
DA:2611,0
DA:2612,0
DA:2619,0
DA:2620,0
DA:2621,0
DA:2631,0
DA:2645,0
DA:2651,0
DA:2653,0
DA:2656,0
DA:2657,0
DA:2658,0
DA:2664,0
DA:2667,0
DA:2668,0
DA:2669,0
DA:2675,0
DA:2678,0
DA:2679,0
DA:2680,0
DA:2686,0
DA:2689,0
DA:2690,0
DA:2691,0
DA:2697,0
DA:2700,0
DA:2701,0
DA:2702,0
DA:2708,0
DA:2711,0
DA:2712,0
DA:2713,0
DA:2719,0
DA:2722,0
DA:2723,0
DA:2724,0
DA:2732,0
DA:2735,0
DA:2736,0
DA:2737,0
DA:2748,0
DA:2754,0
DA:2756,0
DA:2757,0
DA:2758,0
DA:2759,0
DA:2760,0
DA:2762,0
DA:2763,0
DA:2764,0
DA:2771,0
DA:2772,0
DA:2773,0
DA:2780,0
DA:2781,0
DA:2782,0
DA:2789,0
DA:2790,0
DA:2791,0
DA:2798,0
DA:2799,0
DA:2800,0
DA:2807,0
DA:2808,0
DA:2809,0
DA:2816,0
DA:2817,0
DA:2818,0
DA:2827,0
DA:2828,0
DA:2829,0
DA:2841,0
DA:2855,0
DA:2861,0
DA:2863,0
DA:2866,0
DA:2867,0
DA:2868,0
DA:2877,0
DA:2883,0
DA:2885,0
DA:2886,0
DA:2887,0
DA:2888,0
DA:2889,0
DA:2891,0
DA:2892,0
DA:2893,0
DA:2903,0
DA:2914,0
DA:2920,0
DA:2922,0
DA:2925,0
DA:2926,0
DA:2927,0
DA:2933,0
DA:2936,0
DA:2937,0
DA:2938,0
DA:2944,0
DA:2947,0
DA:2948,0
DA:2949,0
DA:2955,0
DA:2958,0
DA:2959,0
DA:2960,0
DA:2969,0
DA:2975,0
DA:2977,0
DA:2978,0
DA:2979,0
DA:2980,0
DA:2981,0
DA:2983,0
DA:2984,0
DA:2985,0
DA:2991,0
DA:2992,0
DA:2993,0
DA:2999,0
DA:3000,0
DA:3001,0
DA:3007,0
DA:3008,0
DA:3009,0
DA:3018,0
DA:3029,0
DA:3035,0
DA:3037,0
DA:3040,0
DA:3041,0
DA:3042,0
DA:3048,0
DA:3051,0
DA:3052,0
DA:3053,0
DA:3059,0
DA:3062,0
DA:3063,0
DA:3064,0
DA:3070,0
DA:3073,0
DA:3074,0
DA:3075,0
DA:3081,0
DA:3084,0
DA:3085,0
DA:3086,0
DA:3094,0
DA:3097,0
DA:3098,0
DA:3099,0
DA:3110,0
DA:3116,0
DA:3118,0
DA:3119,0
DA:3120,0
DA:3121,0
DA:3122,0
DA:3124,0
DA:3125,0
DA:3126,0
DA:3133,0
DA:3134,0
DA:3135,0
DA:3142,0
DA:3143,0
DA:3144,0
DA:3151,0
DA:3152,0
DA:3153,0
DA:3160,0
DA:3161,0
DA:3162,0
DA:3171,0
DA:3172,0
DA:3173,0
DA:3185,0
DA:3199,0
DA:3205,0
DA:3207,0
DA:3210,0
DA:3211,0
DA:3212,0
DA:3221,0
DA:3227,0
DA:3229,0
DA:3230,0
DA:3231,0
DA:3232,0
DA:3233,0
DA:3235,0
DA:3236,0
DA:3237,0
DA:3247,0
DA:3258,0
DA:3264,0
DA:3266,0
DA:3269,0
DA:3270,0
DA:3271,0
DA:3277,0
DA:3280,0
DA:3281,0
DA:3282,0
DA:3288,0
DA:3291,0
DA:3292,0
DA:3293,0
DA:3302,0
DA:3308,0
DA:3310,0
DA:3311,0
DA:3312,0
DA:3313,0
DA:3314,0
DA:3316,0
DA:3317,0
DA:3318,0
DA:3324,0
DA:3325,0
DA:3326,0
DA:3332,0
DA:3333,0
DA:3334,0
DA:3343,0
DA:3354,0
DA:3360,0
DA:3362,0
DA:3365,0
DA:3366,0
DA:3367,0
DA:3373,0
DA:3376,0
DA:3377,0
DA:3378,0
DA:3384,0
DA:3387,0
DA:3388,0
DA:3389,0
DA:3395,0
DA:3398,0
DA:3399,0
DA:3400,0
DA:3408,0
DA:3411,0
DA:3412,0
DA:3413,0
DA:3424,0
DA:3430,0
DA:3432,0
DA:3433,0
DA:3434,0
DA:3435,0
DA:3436,0
DA:3438,0
DA:3439,0
DA:3440,0
DA:3447,0
DA:3448,0
DA:3449,0
DA:3456,0
DA:3457,0
DA:3458,0
DA:3465,0
DA:3466,0
DA:3467,0
DA:3476,0
DA:3477,0
DA:3478,0
DA:3490,0
DA:3501,0
DA:3506,0
DA:3508,0
DA:3513,0
DA:3526,0
DA:3532,0
DA:3534,0
DA:3537,0
DA:3538,0
DA:3539,0
DA:3548,0
DA:3554,0
DA:3556,0
DA:3557,0
DA:3558,0
DA:3559,0
DA:3560,0
DA:3562,0
DA:3563,0
DA:3564,0
DA:3576,0
DA:3594,0
DA:3600,0
DA:3602,0
DA:3605,0
DA:3606,0
DA:3607,0
DA:3618,0
DA:3625,0
DA:3627,0
DA:3628,0
DA:3629,0
DA:3630,0
DA:3631,0
DA:3633,0
DA:3634,0
DA:3635,0
DA:3647,0
DA:3662,0
DA:3668,0
DA:3670,0
DA:3673,0
DA:3674,0
DA:3675,0
DA:3681,0
DA:3684,0
DA:3685,0
DA:3686,0
DA:3692,0
DA:3695,0
DA:3696,0
DA:3697,0
DA:3703,0
DA:3706,0
DA:3707,0
DA:3708,0
DA:3714,0
DA:3717,0
DA:3718,0
DA:3719,0
DA:3725,0
DA:3728,0
DA:3729,0
DA:3730,0
DA:3736,0
DA:3739,0
DA:3740,0
DA:3741,0
DA:3747,0
DA:3750,0
DA:3751,0
DA:3752,0
DA:3758,0
DA:3761,0
DA:3762,0
DA:3763,0
DA:3772,0
DA:3778,0
DA:3780,0
DA:3781,0
DA:3782,0
DA:3783,0
DA:3784,0
DA:3786,0
DA:3787,0
DA:3788,0
DA:3794,0
DA:3795,0
DA:3796,0
DA:3802,0
DA:3803,0
DA:3804,0
DA:3810,0
DA:3811,0
DA:3812,0
DA:3818,0
DA:3819,0
DA:3820,0
DA:3826,0
DA:3827,0
DA:3828,0
DA:3834,0
DA:3835,0
DA:3836,0
DA:3842,0
DA:3843,0
DA:3844,0
DA:3850,0
DA:3851,0
DA:3852,0
DA:3861,0
DA:3876,0
DA:3882,0
DA:3884,0
DA:3887,0
DA:3888,0
DA:3889,0
DA:3895,0
DA:3898,0
DA:3899,0
DA:3900,0
DA:3906,0
DA:3909,0
DA:3910,0
DA:3911,0
DA:3917,0
DA:3920,0
DA:3921,0
DA:3922,0
DA:3928,0
DA:3931,0
DA:3932,0
DA:3933,0
DA:3939,0
DA:3942,0
DA:3943,0
DA:3944,0
DA:3950,0
DA:3953,0
DA:3954,0
DA:3955,0
DA:3961,0
DA:3964,0
DA:3965,0
DA:3966,0
DA:3972,0
DA:3975,0
DA:3976,0
DA:3977,0
DA:3983,0
DA:3986,0
DA:3987,0
DA:3988,0
DA:3994,0
DA:3997,0
DA:3998,0
DA:3999,0
DA:4009,0
DA:4012,0
DA:4013,0
DA:4014,0
DA:4027,0
DA:4033,0
DA:4035,0
DA:4036,0
DA:4037,0
DA:4038,0
DA:4039,0
DA:4041,0
DA:4042,0
DA:4043,0
DA:4050,0
DA:4051,0
DA:4052,0
DA:4059,0
DA:4060,0
DA:4061,0
DA:4068,0
DA:4069,0
DA:4070,0
DA:4077,0
DA:4078,0
DA:4079,0
DA:4086,0
DA:4087,0
DA:4088,0
DA:4095,0
DA:4096,0
DA:4097,0
DA:4104,0
DA:4105,0
DA:4106,0
DA:4113,0
DA:4114,0
DA:4115,0
DA:4122,0
DA:4123,0
DA:4124,0
DA:4131,0
DA:4132,0
DA:4133,0
DA:4144,0
DA:4145,0
DA:4146,0
DA:4160,0
DA:4174,0
DA:4180,0
DA:4182,0
DA:4185,0
DA:4186,0
DA:4187,0
DA:4195,0
DA:4198,0
DA:4199,0
DA:4200,0
DA:4208,0
DA:4211,0
DA:4212,0
DA:4213,0
DA:4219,0
DA:4222,0
DA:4223,0
DA:4224,0
DA:4233,0
DA:4239,0
DA:4241,0
DA:4242,0
DA:4243,0
DA:4244,0
DA:4245,0
DA:4247,0
DA:4248,0
DA:4249,0
DA:4258,0
DA:4259,0
DA:4260,0
DA:4269,0
DA:4270,0
DA:4271,0
DA:4277,0
DA:4278,0
DA:4279,0
DA:4288,0
DA:4302,0
DA:4308,0
DA:4310,0
DA:4313,0
DA:4314,0
DA:4315,0
DA:4323,0
DA:4326,0
DA:4327,0
DA:4328,0
DA:4336,0
DA:4339,0
DA:4340,0
DA:4341,0
DA:4347,0
DA:4350,0
DA:4351,0
DA:4352,0
DA:4358,0
DA:4361,0
DA:4362,0
DA:4363,0
DA:4371,0
DA:4374,0
DA:4375,0
DA:4376,0
DA:4387,0
DA:4393,0
DA:4395,0
DA:4396,0
DA:4397,0
DA:4398,0
DA:4399,0
DA:4401,0
DA:4402,0
DA:4403,0
DA:4412,0
DA:4413,0
DA:4414,0
DA:4423,0
DA:4424,0
DA:4425,0
DA:4432,0
DA:4433,0
DA:4434,0
DA:4441,0
DA:4442,0
DA:4443,0
DA:4452,0
DA:4453,0
DA:4454,0
DA:4466,0
DA:4481,0
DA:4487,0
DA:4489,0
DA:4492,0
DA:4493,0
DA:4494,0
DA:4503,0
DA:4509,0
DA:4511,0
DA:4512,0
DA:4513,0
DA:4514,0
DA:4515,0
DA:4517,0
DA:4518,0
DA:4519,0
DA:4531,0
DA:4545,0
DA:4551,0
DA:4553,0
DA:4556,0
DA:4557,0
DA:4558,0
DA:4564,0
DA:4567,0
DA:4568,0
DA:4569,0
DA:4575,0
DA:4578,0
DA:4579,0
DA:4580,0
DA:4586,0
DA:4589,0
DA:4590,0
DA:4591,0
DA:4597,0
DA:4600,0
DA:4601,0
DA:4602,0
DA:4608,0
DA:4611,0
DA:4612,0
DA:4613,0
DA:4619,0
DA:4622,0
DA:4623,0
DA:4624,0
DA:4630,0
DA:4633,0
DA:4634,0
DA:4635,0
DA:4641,0
DA:4644,0
DA:4645,0
DA:4646,0
DA:4652,0
DA:4655,0
DA:4656,0
DA:4657,0
DA:4666,0
DA:4672,0
DA:4674,0
DA:4675,0
DA:4676,0
DA:4677,0
DA:4678,0
DA:4680,0
DA:4681,0
DA:4682,0
DA:4688,0
DA:4689,0
DA:4690,0
DA:4696,0
DA:4697,0
DA:4698,0
DA:4704,0
DA:4705,0
DA:4706,0
DA:4712,0
DA:4713,0
DA:4714,0
DA:4720,0
DA:4721,0
DA:4722,0
DA:4728,0
DA:4729,0
DA:4730,0
DA:4736,0
DA:4737,0
DA:4738,0
DA:4745,0
DA:4746,0
DA:4747,0
DA:4756,0
DA:4757,0
DA:4758,0
DA:4770,0
DA:4787,0
DA:4793,0
DA:4795,0
DA:4798,0
DA:4799,0
DA:4800,0
DA:4811,0
DA:4817,0
DA:4819,0
DA:4820,0
DA:4821,0
DA:4822,0
DA:4823,0
DA:4825,0
DA:4826,0
DA:4827,0
DA:4839,0
DA:4854,0
DA:4860,0
DA:4862,0
DA:4865,0
DA:4866,0
DA:4867,0
DA:4873,0
DA:4876,0
DA:4877,0
DA:4878,0
DA:4884,0
DA:4887,0
DA:4888,0
DA:4889,0
DA:4895,0
DA:4898,0
DA:4899,0
DA:4900,0
DA:4906,0
DA:4909,0
DA:4910,0
DA:4911,0
DA:4920,0
DA:4926,0
DA:4928,0
DA:4929,0
DA:4930,0
DA:4931,0
DA:4932,0
DA:4934,0
DA:4935,0
DA:4936,0
DA:4942,0
DA:4943,0
DA:4944,0
DA:4951,0
DA:4952,0
DA:4953,0
DA:4962,0
DA:4963,0
DA:4964,0
DA:4970,0
DA:4971,0
DA:4972,0
DA:4981,0
DA:4995,0
DA:5001,0
DA:5003,0
DA:5006,0
DA:5007,0
DA:5008,0
DA:5014,0
DA:5017,0
DA:5018,0
DA:5019,0
DA:5025,0
DA:5028,0
DA:5029,0
DA:5030,0
DA:5036,0
DA:5039,0
DA:5040,0
DA:5041,0
DA:5047,0
DA:5050,0
DA:5051,0
DA:5052,0
DA:5058,0
DA:5061,0
DA:5062,0
DA:5063,0
DA:5071,0
DA:5074,0
DA:5075,0
DA:5076,0
DA:5087,0
DA:5093,0
DA:5095,0
DA:5096,0
DA:5097,0
DA:5098,0
DA:5099,0
DA:5101,0
DA:5102,0
DA:5103,0
DA:5110,0
DA:5111,0
DA:5112,0
DA:5119,0
DA:5120,0
DA:5121,0
DA:5130,0
DA:5131,0
DA:5132,0
DA:5139,0
DA:5140,0
DA:5141,0
DA:5148,0
DA:5149,0
DA:5150,0
DA:5161,0
DA:5162,0
DA:5163,0
DA:5177,0
DA:5191,0
DA:5197,0
DA:5199,0
DA:5202,0
DA:5203,0
DA:5204,0
DA:5210,0
DA:5213,0
DA:5214,0
DA:5215,0
DA:5221,0
DA:5224,0
DA:5225,0
DA:5226,0
DA:5232,0
DA:5235,0
DA:5236,0
DA:5237,0
DA:5243,0
DA:5246,0
DA:5247,0
DA:5248,0
DA:5254,0
DA:5257,0
DA:5258,0
DA:5259,0
DA:5265,0
DA:5268,0
DA:5269,0
DA:5270,0
DA:5276,0
DA:5279,0
DA:5280,0
DA:5281,0
DA:5287,0
DA:5290,0
DA:5291,0
DA:5292,0
DA:5300,0
DA:5303,0
DA:5304,0
DA:5305,0
DA:5311,0
DA:5314,0
DA:5315,0
DA:5316,0
DA:5322,0
DA:5325,0
DA:5326,0
DA:5327,0
DA:5335,0
DA:5338,0
DA:5339,0
DA:5340,0
DA:5351,0
DA:5357,0
DA:5359,0
DA:5360,0
DA:5361,0
DA:5362,0
DA:5363,0
DA:5365,0
DA:5366,0
DA:5367,0
DA:5374,0
DA:5375,0
DA:5376,0
DA:5383,0
DA:5384,0
DA:5385,0
DA:5392,0
DA:5393,0
DA:5394,0
DA:5401,0
DA:5402,0
DA:5403,0
DA:5410,0
DA:5411,0
DA:5412,0
DA:5419,0
DA:5420,0
DA:5421,0
DA:5428,0
DA:5429,0
DA:5430,0
DA:5437,0
DA:5438,0
DA:5439,0
DA:5448,0
DA:5449,0
DA:5450,0
DA:5459,0
DA:5460,0
DA:5461,0
DA:5470,0
DA:5471,0
DA:5472,0
DA:5481,0
DA:5482,0
DA:5483,0
DA:5495,0
DA:5510,0
DA:5516,0
DA:5518,0
DA:5521,0
DA:5522,0
DA:5523,0
DA:5534,0
DA:5540,0
DA:5542,0
DA:5543,0
DA:5544,0
DA:5545,0
DA:5546,0
DA:5548,0
DA:5549,0
DA:5550,0
DA:5562,0
DA:5576,0
DA:5582,0
DA:5584,0
DA:5587,0
DA:5588,0
DA:5589,0
DA:5595,0
DA:5598,0
DA:5599,0
DA:5600,0
DA:5606,0
DA:5609,0
DA:5610,0
DA:5611,0
DA:5620,0
DA:5626,0
DA:5628,0
DA:5629,0
DA:5630,0
DA:5631,0
DA:5632,0
DA:5634,0
DA:5635,0
DA:5636,0
DA:5642,0
DA:5643,0
DA:5644,0
DA:5650,0
DA:5651,0
DA:5652,0
DA:5661,0
DA:5675,0
DA:5681,0
DA:5683,0
DA:5686,0
DA:5687,0
DA:5688,0
DA:5694,0
DA:5697,0
DA:5698,0
DA:5699,0
DA:5705,0
DA:5708,0
DA:5709,0
DA:5710,0
DA:5716,0
DA:5719,0
DA:5720,0
DA:5721,0
DA:5729,0
DA:5732,0
DA:5733,0
DA:5734,0
DA:5745,0
DA:5751,0
DA:5753,0
DA:5754,0
DA:5755,0
DA:5756,0
DA:5757,0
DA:5759,0
DA:5760,0
DA:5761,0
DA:5768,0
DA:5769,0
DA:5770,0
DA:5777,0
DA:5778,0
DA:5779,0
DA:5786,0
DA:5787,0
DA:5788,0
DA:5799,0
DA:5800,0
DA:5801,0
DA:5815,0
DA:5829,0
DA:5835,0
DA:5837,0
DA:5840,0
DA:5841,0
DA:5842,0
DA:5851,0
DA:5857,0
DA:5859,0
DA:5860,0
DA:5861,0
DA:5862,0
DA:5863,0
DA:5865,0
DA:5866,0
DA:5867,0
DA:5879,0
DA:5897,0
DA:5903,0
DA:5905,0
DA:5908,0
DA:5909,0
DA:5910,0
DA:5921,0
DA:5928,0
DA:5930,0
DA:5931,0
DA:5932,0
DA:5933,0
DA:5934,0
DA:5936,0
DA:5937,0
DA:5938,0
DA:5950,0
DA:5965,0
DA:5971,0
DA:5973,0
DA:5976,0
DA:5977,0
DA:5978,0
DA:5984,0
DA:5987,0
DA:5988,0
DA:5989,0
DA:5995,0
DA:5998,0
DA:5999,0
DA:6000,0
DA:6006,0
DA:6009,0
DA:6010,0
DA:6011,0
DA:6017,0
DA:6020,0
DA:6021,0
DA:6022,0
DA:6031,0
DA:6037,0
DA:6039,0
DA:6040,0
DA:6041,0
DA:6042,0
DA:6043,0
DA:6045,0
DA:6046,0
DA:6047,0
DA:6053,0
DA:6054,0
DA:6055,0
DA:6061,0
DA:6062,0
DA:6063,0
DA:6069,0
DA:6070,0
DA:6071,0
DA:6077,0
DA:6078,0
DA:6079,0
DA:6088,0
DA:6103,0
DA:6109,0
DA:6111,0
DA:6114,0
DA:6115,0
DA:6116,0
DA:6122,0
DA:6125,0
DA:6126,0
DA:6127,0
DA:6133,0
DA:6136,0
DA:6137,0
DA:6138,0
DA:6144,0
DA:6147,0
DA:6148,0
DA:6149,0
DA:6155,0
DA:6158,0
DA:6159,0
DA:6160,0
DA:6166,0
DA:6169,0
DA:6170,0
DA:6171,0
DA:6177,0
DA:6180,0
DA:6181,0
DA:6182,0
DA:6192,0
DA:6195,0
DA:6196,0
DA:6197,0
DA:6210,0
DA:6216,0
DA:6218,0
DA:6219,0
DA:6220,0
DA:6221,0
DA:6222,0
DA:6224,0
DA:6225,0
DA:6226,0
DA:6233,0
DA:6234,0
DA:6235,0
DA:6242,0
DA:6243,0
DA:6244,0
DA:6251,0
DA:6252,0
DA:6253,0
DA:6260,0
DA:6261,0
DA:6262,0
DA:6269,0
DA:6270,0
DA:6271,0
DA:6278,0
DA:6279,0
DA:6280,0
DA:6291,0
DA:6292,0
DA:6293,0
DA:6307,0
DA:6321,0
DA:6327,0
DA:6329,0
DA:6332,0
DA:6333,0
DA:6334,0
DA:6342,0
DA:6345,0
DA:6346,0
DA:6347,0
DA:6355,0
DA:6358,0
DA:6359,0
DA:6360,0
DA:6366,0
DA:6369,0
DA:6370,0
DA:6371,0
DA:6380,0
DA:6386,0
DA:6388,0
DA:6389,0
DA:6390,0
DA:6391,0
DA:6392,0
DA:6394,0
DA:6395,0
DA:6396,0
DA:6405,0
DA:6406,0
DA:6407,0
DA:6416,0
DA:6417,0
DA:6418,0
DA:6424,0
DA:6425,0
DA:6426,0
DA:6435,0
DA:6449,0
DA:6455,0
DA:6457,0
DA:6460,0
DA:6461,0
DA:6462,0
DA:6470,0
DA:6473,0
DA:6474,0
DA:6475,0
DA:6483,0
DA:6486,0
DA:6487,0
DA:6488,0
DA:6494,0
DA:6497,0
DA:6498,0
DA:6499,0
DA:6505,0
DA:6508,0
DA:6509,0
DA:6510,0
DA:6518,0
DA:6521,0
DA:6522,0
DA:6523,0
DA:6534,0
DA:6540,0
DA:6542,0
DA:6543,0
DA:6544,0
DA:6545,0
DA:6546,0
DA:6548,0
DA:6549,0
DA:6550,0
DA:6559,0
DA:6560,0
DA:6561,0
DA:6570,0
DA:6571,0
DA:6572,0
DA:6579,0
DA:6580,0
DA:6581,0
DA:6588,0
DA:6589,0
DA:6590,0
DA:6599,0
DA:6600,0
DA:6601,0
DA:6613,0
DA:6627,0
DA:6633,0
DA:6635,0
DA:6638,0
DA:6639,0
DA:6640,0
DA:6649,0
DA:6655,0
DA:6657,0
DA:6658,0
DA:6659,0
DA:6660,0
DA:6661,0
DA:6663,0
DA:6664,0
DA:6665,0
DA:6675,0
DA:6689,0
DA:6695,0
DA:6697,0
DA:6700,0
DA:6701,0
DA:6702,0
DA:6708,0
DA:6711,0
DA:6712,0
DA:6713,0
DA:6719,0
DA:6722,0
DA:6723,0
DA:6724,0
DA:6730,0
DA:6733,0
DA:6734,0
DA:6735,0
DA:6744,0
DA:6750,0
DA:6752,0
DA:6753,0
DA:6754,0
DA:6755,0
DA:6756,0
DA:6758,0
DA:6759,0
DA:6760,0
DA:6766,0
DA:6767,0
DA:6768,0
DA:6774,0
DA:6775,0
DA:6776,0
DA:6782,0
DA:6783,0
DA:6784,0
DA:6794,0
DA:6805,0
DA:6811,0
DA:6813,0
DA:6816,0
DA:6817,0
DA:6818,0
DA:6824,0
DA:6827,0
DA:6828,0
DA:6829,0
DA:6835,0
DA:6838,0
DA:6839,0
DA:6840,0
DA:6846,0
DA:6849,0
DA:6850,0
DA:6851,0
DA:6857,0
DA:6860,0
DA:6861,0
DA:6862,0
DA:6870,0
DA:6873,0
DA:6874,0
DA:6875,0
DA:6886,0
DA:6892,0
DA:6894,0
DA:6895,0
DA:6896,0
DA:6897,0
DA:6898,0
DA:6900,0
DA:6901,0
DA:6902,0
DA:6909,0
DA:6910,0
DA:6911,0
DA:6918,0
DA:6919,0
DA:6920,0
DA:6927,0
DA:6928,0
DA:6929,0
DA:6936,0
DA:6937,0
DA:6938,0
DA:6947,0
DA:6948,0
DA:6949,0
DA:6961,0
DA:6975,0
DA:6981,0
DA:6983,0
DA:6986,0
DA:6987,0
DA:6988,0
DA:6997,0
DA:7003,0
DA:7005,0
DA:7006,0
DA:7007,0
DA:7008,0
DA:7009,0
DA:7011,0
DA:7012,0
DA:7013,0
DA:7023,0
DA:7037,0
DA:7043,0
DA:7045,0
DA:7048,0
DA:7049,0
DA:7050,0
DA:7056,0
DA:7059,0
DA:7060,0
DA:7061,0
DA:7067,0
DA:7070,0
DA:7071,0
DA:7072,0
DA:7078,0
DA:7081,0
DA:7082,0
DA:7083,0
DA:7089,0
DA:7092,0
DA:7093,0
DA:7094,0
DA:7100,0
DA:7103,0
DA:7104,0
DA:7105,0
DA:7114,0
DA:7120,0
DA:7122,0
DA:7123,0
DA:7124,0
DA:7125,0
DA:7126,0
DA:7128,0
DA:7129,0
DA:7130,0
DA:7136,0
DA:7137,0
DA:7138,0
DA:7144,0
DA:7145,0
DA:7146,0
DA:7152,0
DA:7153,0
DA:7154,0
DA:7160,0
DA:7161,0
DA:7162,0
DA:7168,0
DA:7169,0
DA:7170,0
DA:7180,0
DA:7194,0
DA:7200,0
DA:7202,0
DA:7205,0
DA:7206,0
DA:7207,0
DA:7213,0
DA:7216,0
DA:7217,0
DA:7218,0
DA:7224,0
DA:7227,0
DA:7228,0
DA:7229,0
DA:7235,0
DA:7238,0
DA:7239,0
DA:7240,0
DA:7246,0
DA:7249,0
DA:7250,0
DA:7251,0
DA:7257,0
DA:7260,0
DA:7261,0
DA:7262,0
DA:7268,0
DA:7271,0
DA:7272,0
DA:7273,0
DA:7279,0
DA:7282,0
DA:7283,0
DA:7284,0
DA:7292,0
DA:7295,0
DA:7296,0
DA:7297,0
DA:7308,0
DA:7314,0
DA:7316,0
DA:7317,0
DA:7318,0
DA:7319,0
DA:7320,0
DA:7322,0
DA:7323,0
DA:7324,0
DA:7331,0
DA:7332,0
DA:7333,0
DA:7340,0
DA:7341,0
DA:7342,0
DA:7349,0
DA:7350,0
DA:7351,0
DA:7358,0
DA:7359,0
DA:7360,0
DA:7367,0
DA:7368,0
DA:7369,0
DA:7376,0
DA:7377,0
DA:7378,0
DA:7385,0
DA:7386,0
DA:7387,0
DA:7396,0
DA:7397,0
DA:7398,0
DA:7410,0
DA:7424,0
DA:7430,0
DA:7432,0
DA:7435,0
DA:7436,0
DA:7437,0
DA:7446,0
DA:7452,0
DA:7454,0
DA:7455,0
DA:7456,0
DA:7457,0
DA:7458,0
DA:7460,0
DA:7461,0
DA:7462,0
DA:7472,0
DA:7483,0
DA:7489,0
DA:7491,0
DA:7494,0
DA:7495,0
DA:7496,0
DA:7502,0
DA:7505,0
DA:7506,0
DA:7507,0
DA:7513,0
DA:7516,0
DA:7517,0
DA:7518,0
DA:7524,0
DA:7527,0
DA:7528,0
DA:7529,0
DA:7535,0
DA:7538,0
DA:7539,0
DA:7540,0
DA:7546,0
DA:7549,0
DA:7550,0
DA:7551,0
DA:7560,0
DA:7566,0
DA:7568,0
DA:7569,0
DA:7570,0
DA:7571,0
DA:7572,0
DA:7574,0
DA:7575,0
DA:7576,0
DA:7582,0
DA:7583,0
DA:7584,0
DA:7590,0
DA:7591,0
DA:7592,0
DA:7598,0
DA:7599,0
DA:7600,0
DA:7606,0
DA:7607,0
DA:7608,0
DA:7614,0
DA:7615,0
DA:7616,0
DA:7625,0
DA:7635,0
DA:7640,0
DA:7642,0
DA:7647,0
DA:7656,0
DA:7662,0
DA:7664,0
DA:7667,0
DA:7668,0
DA:7669,0
DA:7675,0
DA:7678,0
DA:7679,0
DA:7680,0
DA:7686,0
DA:7689,0
DA:7690,0
DA:7691,0
DA:7697,0
DA:7700,0
DA:7701,0
DA:7702,0
DA:7708,0
DA:7711,0
DA:7712,0
DA:7713,0
DA:7719,0
DA:7722,0
DA:7723,0
DA:7724,0
DA:7730,0
DA:7733,0
DA:7734,0
DA:7735,0
DA:7741,0
DA:7744,0
DA:7745,0
DA:7746,0
DA:7754,0
DA:7757,0
DA:7758,0
DA:7759,0
DA:7767,0
DA:7770,0
DA:7771,0
DA:7772,0
DA:7783,0
DA:7789,0
DA:7791,0
DA:7792,0
DA:7793,0
DA:7794,0
DA:7795,0
DA:7797,0
DA:7798,0
DA:7799,0
DA:7806,0
DA:7807,0
DA:7808,0
DA:7815,0
DA:7816,0
DA:7817,0
DA:7824,0
DA:7825,0
DA:7826,0
DA:7833,0
DA:7834,0
DA:7835,0
DA:7842,0
DA:7843,0
DA:7844,0
DA:7851,0
DA:7852,0
DA:7853,0
DA:7860,0
DA:7861,0
DA:7862,0
DA:7871,0
DA:7872,0
DA:7873,0
DA:7882,0
DA:7883,0
DA:7884,0
DA:7896,0
DA:7906,0
DA:7912,0
DA:7914,0
DA:7917,0
DA:7918,0
DA:7919,0
DA:7922,0
DA:7925,0
DA:7926,0
DA:7927,0
DA:7930,0
DA:7933,0
DA:7934,0
DA:7935,0
DA:7938,0
DA:7941,0
DA:7942,0
DA:7943,0
DA:7949,0
DA:7955,0
DA:7957,0
DA:7958,0
DA:7959,0
DA:7960,0
DA:7961,0
DA:7963,0
DA:7964,0
DA:7965,0
DA:7971,0
DA:7972,0
DA:7973,0
DA:7979,0
DA:7980,0
DA:7981,0
DA:7987,0
DA:7988,0
DA:7989,0
DA:7998,0
DA:8012,0
DA:8018,0
DA:8020,0
DA:8023,0
DA:8024,0
DA:8025,0
DA:8034,0
DA:8040,0
DA:8042,0
DA:8043,0
DA:8044,0
DA:8045,0
DA:8046,0
DA:8048,0
DA:8049,0
DA:8050,0
DA:8060,0
DA:8074,0
DA:8080,0
DA:8082,0
DA:8085,0
DA:8086,0
DA:8087,0
DA:8093,0
DA:8096,0
DA:8097,0
DA:8098,0
DA:8104,0
DA:8107,0
DA:8108,0
DA:8109,0
DA:8115,0
DA:8118,0
DA:8119,0
DA:8120,0
DA:8126,0
DA:8129,0
DA:8130,0
DA:8131,0
DA:8140,0
DA:8146,0
DA:8148,0
DA:8149,0
DA:8150,0
DA:8151,0
DA:8152,0
DA:8154,0
DA:8155,0
DA:8156,0
DA:8162,0
DA:8163,0
DA:8164,0
DA:8170,0
DA:8171,0
DA:8172,0
DA:8178,0
DA:8179,0
DA:8180,0
DA:8186,0
DA:8187,0
DA:8188,0
DA:8197,0
DA:8211,0
DA:8217,0
DA:8219,0
DA:8222,0
DA:8223,0
DA:8224,0
DA:8230,0
DA:8233,0
DA:8234,0
DA:8235,0
DA:8241,0
DA:8244,0
DA:8245,0
DA:8246,0
DA:8252,0
DA:8255,0
DA:8256,0
DA:8257,0
DA:8263,0
DA:8266,0
DA:8267,0
DA:8268,0
DA:8274,0
DA:8277,0
DA:8278,0
DA:8279,0
DA:8287,0
DA:8290,0
DA:8291,0
DA:8292,0
DA:8303,0
DA:8309,0
DA:8311,0
DA:8312,0
DA:8313,0
DA:8314,0
DA:8315,0
DA:8317,0
DA:8318,0
DA:8319,0
DA:8326,0
DA:8327,0
DA:8328,0
DA:8335,0
DA:8336,0
DA:8337,0
DA:8344,0
DA:8345,0
DA:8346,0
DA:8353,0
DA:8354,0
DA:8355,0
DA:8362,0
DA:8363,0
DA:8364,0
DA:8373,0
DA:8374,0
DA:8375,0
DA:8387,0
DA:8401,0
DA:8407,0
DA:8409,0
DA:8412,0
DA:8413,0
DA:8414,0
DA:8423,0
DA:8429,0
DA:8431,0
DA:8432,0
DA:8433,0
DA:8434,0
DA:8435,0
DA:8437,0
DA:8438,0
DA:8439,0
DA:8449,0
DA:8463,0
DA:8469,0
DA:8471,0
DA:8474,0
DA:8475,0
DA:8476,0
DA:8482,0
DA:8485,0
DA:8486,0
DA:8487,0
DA:8493,0
DA:8496,0
DA:8497,0
DA:8498,0
DA:8504,0
DA:8507,0
DA:8508,0
DA:8509,0
DA:8515,0
DA:8518,0
DA:8519,0
DA:8520,0
DA:8526,0
DA:8529,0
DA:8530,0
DA:8531,0
DA:8537,0
DA:8540,0
DA:8541,0
DA:8542,0
DA:8548,0
DA:8551,0
DA:8552,0
DA:8553,0
DA:8559,0
DA:8562,0
DA:8563,0
DA:8564,0
DA:8570,0
DA:8573,0
DA:8574,0
DA:8575,0
DA:8581,0
DA:8584,0
DA:8585,0
DA:8586,0
DA:8592,0
DA:8595,0
DA:8596,0
DA:8597,0
DA:8603,0
DA:8606,0
DA:8607,0
DA:8608,0
DA:8614,0
DA:8617,0
DA:8618,0
DA:8619,0
DA:8628,0
DA:8634,0
DA:8636,0
DA:8637,0
DA:8638,0
DA:8639,0
DA:8640,0
DA:8642,0
DA:8643,0
DA:8644,0
DA:8650,0
DA:8651,0
DA:8652,0
DA:8658,0
DA:8659,0
DA:8660,0
DA:8666,0
DA:8667,0
DA:8668,0
DA:8674,0
DA:8675,0
DA:8676,0
DA:8682,0
DA:8683,0
DA:8684,0
DA:8690,0
DA:8691,0
DA:8692,0
DA:8698,0
DA:8699,0
DA:8700,0
DA:8706,0
DA:8707,0
DA:8708,0
DA:8714,0
DA:8715,0
DA:8716,0
DA:8722,0
DA:8723,0
DA:8724,0
DA:8730,0
DA:8731,0
DA:8732,0
DA:8738,0
DA:8739,0
DA:8740,0
DA:8747,0
DA:8748,0
DA:8749,0
DA:8759,0
DA:8770,1
DA:8775,1
DA:8777,1
DA:8782,1
DA:8792,0
DA:8798,0
DA:8800,0
DA:8803,0
DA:8804,0
DA:8805,0
DA:8811,0
DA:8814,0
DA:8815,0
DA:8816,0
DA:8822,0
DA:8825,0
DA:8826,0
DA:8827,0
DA:8833,0
DA:8836,0
DA:8837,0
DA:8838,0
DA:8844,0
DA:8847,0
DA:8848,0
DA:8849,0
DA:8855,0
DA:8858,0
DA:8859,0
DA:8860,0
DA:8866,0
DA:8869,0
DA:8870,0
DA:8871,0
DA:8877,0
DA:8880,0
DA:8881,0
DA:8882,0
DA:8888,0
DA:8891,0
DA:8892,0
DA:8893,0
DA:8899,0
DA:8902,0
DA:8903,0
DA:8904,0
DA:8910,0
DA:8913,0
DA:8914,0
DA:8915,0
DA:8921,0
DA:8924,0
DA:8925,0
DA:8926,0
DA:8932,0
DA:8935,0
DA:8936,0
DA:8937,0
DA:8943,0
DA:8946,0
DA:8947,0
DA:8948,0
DA:8954,0
DA:8957,0
DA:8958,0
DA:8959,0
DA:8965,0
DA:8968,0
DA:8969,0
DA:8970,0
DA:8978,0
DA:8981,0
DA:8982,0
DA:8983,0
DA:8994,0
DA:9000,0
DA:9002,0
DA:9003,0
DA:9004,0
DA:9005,0
DA:9006,0
DA:9008,0
DA:9009,0
DA:9010,0
DA:9017,0
DA:9018,0
DA:9019,0
DA:9026,0
DA:9027,0
DA:9028,0
DA:9035,0
DA:9036,0
DA:9037,0
DA:9044,0
DA:9045,0
DA:9046,0
DA:9053,0
DA:9054,0
DA:9055,0
DA:9062,0
DA:9063,0
DA:9064,0
DA:9071,0
DA:9072,0
DA:9073,0
DA:9080,0
DA:9081,0
DA:9082,0
DA:9089,0
DA:9090,0
DA:9091,0
DA:9098,0
DA:9099,0
DA:9100,0
DA:9107,0
DA:9108,0
DA:9109,0
DA:9116,0
DA:9117,0
DA:9118,0
DA:9125,0
DA:9126,0
DA:9127,0
DA:9134,0
DA:9135,0
DA:9136,0
DA:9143,0
DA:9144,0
DA:9145,0
DA:9154,0
DA:9155,0
DA:9156,0
DA:9168,0
DA:9179,0
DA:9184,0
DA:9186,0
DA:9191,0
DA:9204,0
DA:9210,0
DA:9212,0
DA:9215,0
DA:9216,0
DA:9217,0
DA:9226,0
DA:9232,0
DA:9234,0
DA:9235,0
DA:9236,0
DA:9237,0
DA:9238,0
DA:9240,0
DA:9241,0
DA:9242,0
DA:9252,0
DA:9263,0
DA:9269,0
DA:9271,0
DA:9274,0
DA:9275,0
DA:9276,0
DA:9282,0
DA:9285,0
DA:9286,0
DA:9287,0
DA:9293,0
DA:9296,0
DA:9297,0
DA:9298,0
DA:9304,0
DA:9307,0
DA:9308,0
DA:9309,0
DA:9315,0
DA:9318,0
DA:9319,0
DA:9320,0
DA:9326,0
DA:9329,0
DA:9330,0
DA:9331,0
DA:9340,0
DA:9346,0
DA:9348,0
DA:9349,0
DA:9350,0
DA:9351,0
DA:9352,0
DA:9354,0
DA:9355,0
DA:9356,0
DA:9362,0
DA:9363,0
DA:9364,0
DA:9370,0
DA:9371,0
DA:9372,0
DA:9378,0
DA:9379,0
DA:9380,0
DA:9386,0
DA:9387,0
DA:9388,0
DA:9394,0
DA:9395,0
DA:9396,0
DA:9405,0
DA:9416,0
DA:9422,0
DA:9424,0
DA:9427,0
DA:9428,0
DA:9429,0
DA:9435,0
DA:9438,0
DA:9439,0
DA:9440,0
DA:9446,0
DA:9449,0
DA:9450,0
DA:9451,0
DA:9457,0
DA:9460,0
DA:9461,0
DA:9462,0
DA:9468,0
DA:9471,0
DA:9472,0
DA:9473,0
DA:9479,0
DA:9482,0
DA:9483,0
DA:9484,0
DA:9490,0
DA:9493,0
DA:9494,0
DA:9495,0
DA:9503,0
DA:9506,0
DA:9507,0
DA:9508,0
DA:9519,0
DA:9525,0
DA:9527,0
DA:9528,0
DA:9529,0
DA:9530,0
DA:9531,0
DA:9533,0
DA:9534,0
DA:9535,0
DA:9542,0
DA:9543,0
DA:9544,0
DA:9551,0
DA:9552,0
DA:9553,0
DA:9560,0
DA:9561,0
DA:9562,0
DA:9569,0
DA:9570,0
DA:9571,0
DA:9578,0
DA:9579,0
DA:9580,0
DA:9587,0
DA:9588,0
DA:9589,0
DA:9598,0
DA:9599,0
DA:9600,0
DA:9612,0
DA:9626,0
DA:9632,0
DA:9634,0
DA:9637,0
DA:9638,0
DA:9639,0
DA:9648,0
DA:9654,0
DA:9656,0
DA:9657,0
DA:9658,0
DA:9659,0
DA:9660,0
DA:9662,0
DA:9663,0
DA:9664,0
DA:9674,0
DA:9688,0
DA:9694,0
DA:9696,0
DA:9699,0
DA:9700,0
DA:9701,0
DA:9707,0
DA:9710,0
DA:9711,0
DA:9712,0
DA:9718,0
DA:9721,0
DA:9722,0
DA:9723,0
DA:9729,0
DA:9732,0
DA:9733,0
DA:9734,0
DA:9743,0
DA:9749,0
DA:9751,0
DA:9752,0
DA:9753,0
DA:9754,0
DA:9755,0
DA:9757,0
DA:9758,0
DA:9759,0
DA:9765,0
DA:9766,0
DA:9767,0
DA:9773,0
DA:9774,0
DA:9775,0
DA:9781,0
DA:9782,0
DA:9783,0
DA:9793,0
DA:9804,0
DA:9810,0
DA:9812,0
DA:9815,0
DA:9816,0
DA:9817,0
DA:9823,0
DA:9826,0
DA:9827,0
DA:9828,0
DA:9834,0
DA:9837,0
DA:9838,0
DA:9839,0
DA:9845,0
DA:9848,0
DA:9849,0
DA:9850,0
DA:9856,0
DA:9859,0
DA:9860,0
DA:9861,0
DA:9867,0
DA:9870,0
DA:9871,0
DA:9872,0
DA:9880,0
DA:9883,0
DA:9884,0
DA:9885,0
DA:9896,0
DA:9902,0
DA:9904,0
DA:9905,0
DA:9906,0
DA:9907,0
DA:9908,0
DA:9910,0
DA:9911,0
DA:9912,0
DA:9919,0
DA:9920,0
DA:9921,0
DA:9928,0
DA:9929,0
DA:9930,0
DA:9937,0
DA:9938,0
DA:9939,0
DA:9946,0
DA:9947,0
DA:9948,0
DA:9955,0
DA:9956,0
DA:9957,0
DA:9966,0
DA:9967,0
DA:9968,0
DA:9980,0
DA:9994,0
DA:10000,0
DA:10002,0
DA:10005,0
DA:10006,0
DA:10007,0
DA:10016,0
DA:10022,0
DA:10024,0
DA:10025,0
DA:10026,0
DA:10027,0
DA:10028,0
DA:10030,0
DA:10031,0
DA:10032,0
DA:10042,0
DA:10056,0
DA:10062,0
DA:10064,0
DA:10067,0
DA:10068,0
DA:10069,0
DA:10078,0
DA:10084,0
DA:10086,0
DA:10087,0
DA:10088,0
DA:10089,0
DA:10090,0
DA:10092,0
DA:10093,0
DA:10094,0
DA:10103,0
DA:10117,0
DA:10123,0
DA:10125,0
DA:10128,0
DA:10129,0
DA:10130,0
DA:10136,0
DA:10139,0
DA:10140,0
DA:10141,0
DA:10149,0
DA:10152,0
DA:10153,0
DA:10154,0
DA:10165,0
DA:10171,0
DA:10173,0
DA:10174,0
DA:10175,0
DA:10176,0
DA:10177,0
DA:10179,0
DA:10180,0
DA:10181,0
DA:10188,0
DA:10189,0
DA:10190,0
DA:10199,0
DA:10200,0
DA:10201,0
DA:10213,0
DA:10227,0
DA:10233,0
DA:10235,0
DA:10238,0
DA:10239,0
DA:10240,0
DA:10249,0
DA:10255,0
DA:10257,0
DA:10258,0
DA:10259,0
DA:10260,0
DA:10261,0
DA:10263,0
DA:10264,0
DA:10265,0
DA:10275,0
DA:10289,0
DA:10295,0
DA:10297,0
DA:10300,0
DA:10301,0
DA:10302,0
DA:10311,0
DA:10317,0
DA:10319,0
DA:10320,0
DA:10321,0
DA:10322,0
DA:10323,0
DA:10325,0
DA:10326,0
DA:10327,0
DA:10337,0
DA:10351,0
DA:10357,0
DA:10359,0
DA:10362,0
DA:10363,0
DA:10364,0
DA:10370,0
DA:10373,0
DA:10374,0
DA:10375,0
DA:10381,0
DA:10384,0
DA:10385,0
DA:10386,0
DA:10392,0
DA:10395,0
DA:10396,0
DA:10397,0
DA:10406,0
DA:10412,0
DA:10414,0
DA:10415,0
DA:10416,0
DA:10417,0
DA:10418,0
DA:10420,0
DA:10421,0
DA:10422,0
DA:10428,0
DA:10429,0
DA:10430,0
DA:10436,0
DA:10437,0
DA:10438,0
DA:10444,0
DA:10445,0
DA:10446,0
DA:10456,0
DA:10470,0
DA:10476,0
DA:10478,0
DA:10481,0
DA:10482,0
DA:10483,0
DA:10489,0
DA:10492,0
DA:10493,0
DA:10494,0
DA:10500,0
DA:10503,0
DA:10504,0
DA:10505,0
DA:10511,0
DA:10514,0
DA:10515,0
DA:10516,0
DA:10522,0
DA:10525,0
DA:10526,0
DA:10527,0
DA:10535,0
DA:10538,0
DA:10539,0
DA:10540,0
DA:10551,0
DA:10557,0
DA:10559,0
DA:10560,0
DA:10561,0
DA:10562,0
DA:10563,0
DA:10565,0
DA:10566,0
DA:10567,0
DA:10574,0
DA:10575,0
DA:10576,0
DA:10583,0
DA:10584,0
DA:10585,0
DA:10592,0
DA:10593,0
DA:10594,0
DA:10601,0
DA:10602,0
DA:10603,0
DA:10612,0
DA:10613,0
DA:10614,0
DA:10626,0
DA:10636,0
DA:10642,0
DA:10644,0
DA:10647,0
DA:10648,0
DA:10649,0
DA:10655,0
DA:10658,0
DA:10659,0
DA:10660,0
DA:10666,0
DA:10669,0
DA:10670,0
DA:10671,0
DA:10677,0
DA:10680,0
DA:10681,0
DA:10682,0
DA:10688,0
DA:10691,0
DA:10692,0
DA:10693,0
DA:10699,0
DA:10702,0
DA:10703,0
DA:10704,0
DA:10710,0
DA:10713,0
DA:10714,0
DA:10715,0
DA:10721,0
DA:10724,0
DA:10725,0
DA:10726,0
DA:10732,0
DA:10735,0
DA:10736,0
DA:10737,0
DA:10743,0
DA:10746,0
DA:10747,0
DA:10748,0
DA:10754,0
DA:10757,0
DA:10758,0
DA:10759,0
DA:10768,0
DA:10774,0
DA:10776,0
DA:10777,0
DA:10778,0
DA:10779,0
DA:10780,0
DA:10782,0
DA:10783,0
DA:10784,0
DA:10790,0
DA:10791,0
DA:10792,0
DA:10798,0
DA:10799,0
DA:10800,0
DA:10806,0
DA:10807,0
DA:10808,0
DA:10814,0
DA:10815,0
DA:10816,0
DA:10822,0
DA:10823,0
DA:10824,0
DA:10830,0
DA:10831,0
DA:10832,0
DA:10838,0
DA:10839,0
DA:10840,0
DA:10846,0
DA:10847,0
DA:10848,0
DA:10854,0
DA:10855,0
DA:10856,0
DA:10863,0
DA:10864,0
DA:10865,0
DA:10875,0
DA:10889,0
DA:10895,0
DA:10897,0
DA:10900,0
DA:10901,0
DA:10902,0
DA:10911,0
DA:10917,0
DA:10919,0
DA:10920,0
DA:10921,0
DA:10922,0
DA:10923,0
DA:10925,0
DA:10926,0
DA:10927,0
DA:10937,0
DA:10951,0
DA:10957,0
DA:10959,0
DA:10962,0
DA:10963,0
DA:10964,0
DA:10970,0
DA:10973,0
DA:10974,0
DA:10975,0
DA:10981,0
DA:10984,0
DA:10985,0
DA:10986,0
DA:10992,0
DA:10995,0
DA:10996,0
DA:10997,0
DA:11003,0
DA:11006,0
DA:11007,0
DA:11008,0
DA:11014,0
DA:11017,0
DA:11018,0
DA:11019,0
DA:11025,0
DA:11028,0
DA:11029,0
DA:11030,0
DA:11036,0
DA:11039,0
DA:11040,0
DA:11041,0
DA:11047,0
DA:11050,0
DA:11051,0
DA:11052,0
DA:11058,0
DA:11061,0
DA:11062,0
DA:11063,0
DA:11069,0
DA:11072,0
DA:11073,0
DA:11074,0
DA:11080,0
DA:11083,0
DA:11084,0
DA:11085,0
DA:11094,0
DA:11100,0
DA:11102,0
DA:11103,0
DA:11104,0
DA:11105,0
DA:11106,0
DA:11108,0
DA:11109,0
DA:11110,0
DA:11116,0
DA:11117,0
DA:11118,0
DA:11124,0
DA:11125,0
DA:11126,0
DA:11132,0
DA:11133,0
DA:11134,0
DA:11140,0
DA:11141,0
DA:11142,0
DA:11148,0
DA:11149,0
DA:11150,0
DA:11156,0
DA:11157,0
DA:11158,0
DA:11164,0
DA:11165,0
DA:11166,0
DA:11173,0
DA:11174,0
DA:11175,0
DA:11182,0
DA:11183,0
DA:11184,0
DA:11191,0
DA:11192,0
DA:11193,0
DA:11200,0
DA:11201,0
DA:11202,0
DA:11212,0
DA:11223,0
DA:11228,0
DA:11230,0
DA:11235,0
DA:11248,0
DA:11254,0
DA:11256,0
DA:11259,0
DA:11260,0
DA:11261,0
DA:11267,0
DA:11270,0
DA:11271,0
DA:11272,0
DA:11278,0
DA:11281,0
DA:11282,0
DA:11283,0
DA:11289,0
DA:11292,0
DA:11293,0
DA:11294,0
DA:11300,0
DA:11303,0
DA:11304,0
DA:11305,0
DA:11311,0
DA:11314,0
DA:11315,0
DA:11316,0
DA:11322,0
DA:11325,0
DA:11326,0
DA:11327,0
DA:11333,0
DA:11336,0
DA:11337,0
DA:11338,0
DA:11344,0
DA:11347,0
DA:11348,0
DA:11349,0
DA:11355,0
DA:11358,0
DA:11359,0
DA:11360,0
DA:11366,0
DA:11369,0
DA:11370,0
DA:11371,0
DA:11377,0
DA:11380,0
DA:11381,0
DA:11382,0
DA:11388,0
DA:11391,0
DA:11392,0
DA:11393,0
DA:11401,0
DA:11404,0
DA:11405,0
DA:11406,0
DA:11417,0
DA:11423,0
DA:11425,0
DA:11426,0
DA:11427,0
DA:11428,0
DA:11429,0
DA:11431,0
DA:11432,0
DA:11433,0
DA:11440,0
DA:11441,0
DA:11442,0
DA:11449,0
DA:11450,0
DA:11451,0
DA:11458,0
DA:11459,0
DA:11460,0
DA:11467,0
DA:11468,0
DA:11469,0
DA:11476,0
DA:11477,0
DA:11478,0
DA:11485,0
DA:11486,0
DA:11487,0
DA:11494,0
DA:11495,0
DA:11496,0
DA:11503,0
DA:11504,0
DA:11505,0
DA:11512,0
DA:11513,0
DA:11514,0
DA:11521,0
DA:11522,0
DA:11523,0
DA:11530,0
DA:11531,0
DA:11532,0
DA:11539,0
DA:11540,0
DA:11541,0
DA:11550,0
DA:11551,0
DA:11552,0
DA:11564,0
DA:11578,0
DA:11584,0
DA:11586,0
DA:11589,0
DA:11590,0
DA:11591,0
DA:11600,0
DA:11606,0
DA:11608,0
DA:11609,0
DA:11610,0
DA:11611,0
DA:11612,0
DA:11614,0
DA:11615,0
DA:11616,0
DA:11626,0
DA:11637,0
DA:11643,0
DA:11645,0
DA:11648,0
DA:11649,0
DA:11650,0
DA:11656,0
DA:11659,0
DA:11660,0
DA:11661,0
DA:11670,0
DA:11676,0
DA:11678,0
DA:11679,0
DA:11680,0
DA:11681,0
DA:11682,0
DA:11684,0
DA:11685,0
DA:11686,0
DA:11692,0
DA:11693,0
DA:11694,0
DA:11704,0
DA:11715,0
DA:11721,0
DA:11723,0
DA:11726,0
DA:11727,0
DA:11728,0
DA:11734,0
DA:11737,0
DA:11738,0
DA:11739,0
DA:11745,0
DA:11748,0
DA:11749,0
DA:11750,0
DA:11758,0
DA:11761,0
DA:11762,0
DA:11763,0
DA:11774,0
DA:11780,0
DA:11782,0
DA:11783,0
DA:11784,0
DA:11785,0
DA:11786,0
DA:11788,0
DA:11789,0
DA:11790,0
DA:11797,0
DA:11798,0
DA:11799,0
DA:11806,0
DA:11807,0
DA:11808,0
DA:11817,0
DA:11818,0
DA:11819,0
DA:11831,0
DA:11841,0
DA:11847,0
DA:11849,0
DA:11852,0
DA:11853,0
DA:11854,0
DA:11860,0
DA:11863,0
DA:11864,0
DA:11865,0
DA:11871,0
DA:11874,0
DA:11875,0
DA:11876,0
DA:11882,0
DA:11885,0
DA:11886,0
DA:11887,0
DA:11893,0
DA:11896,0
DA:11897,0
DA:11898,0
DA:11904,0
DA:11907,0
DA:11908,0
DA:11909,0
DA:11915,0
DA:11918,0
DA:11919,0
DA:11920,0
DA:11926,0
DA:11929,0
DA:11930,0
DA:11931,0
DA:11937,0
DA:11940,0
DA:11941,0
DA:11942,0
DA:11948,0
DA:11951,0
DA:11952,0
DA:11953,0
DA:11959,0
DA:11962,0
DA:11963,0
DA:11964,0
DA:11970,0
DA:11973,0
DA:11974,0
DA:11975,0
DA:11981,0
DA:11984,0
DA:11985,0
DA:11986,0
DA:11992,0
DA:11995,0
DA:11996,0
DA:11997,0
DA:12003,0
DA:12006,0
DA:12007,0
DA:12008,0
DA:12014,0
DA:12017,0
DA:12018,0
DA:12019,0
DA:12025,0
DA:12028,0
DA:12029,0
DA:12030,0
DA:12038,0
DA:12041,0
DA:12042,0
DA:12043,0
DA:12051,0
DA:12054,0
DA:12055,0
DA:12056,0
DA:12067,0
DA:12073,0
DA:12075,0
DA:12076,0
DA:12077,0
DA:12078,0
DA:12079,0
DA:12081,0
DA:12082,0
DA:12083,0
DA:12090,0
DA:12091,0
DA:12092,0
DA:12099,0
DA:12100,0
DA:12101,0
DA:12108,0
DA:12109,0
DA:12110,0
DA:12117,0
DA:12118,0
DA:12119,0
DA:12126,0
DA:12127,0
DA:12128,0
DA:12135,0
DA:12136,0
DA:12137,0
DA:12144,0
DA:12145,0
DA:12146,0
DA:12153,0
DA:12154,0
DA:12155,0
DA:12162,0
DA:12163,0
DA:12164,0
DA:12171,0
DA:12172,0
DA:12173,0
DA:12180,0
DA:12181,0
DA:12182,0
DA:12189,0
DA:12190,0
DA:12191,0
DA:12198,0
DA:12199,0
DA:12200,0
DA:12207,0
DA:12208,0
DA:12209,0
DA:12218,0
DA:12219,0
DA:12220,0
DA:12229,0
DA:12230,0
DA:12231,0
DA:12240,0
DA:12241,0
DA:12242,0
DA:12251,0
DA:12252,0
DA:12253,0
DA:12265,0
DA:12275,0
DA:12281,0
DA:12283,0
DA:12286,0
DA:12287,0
DA:12288,0
DA:12291,0
DA:12294,0
DA:12295,0
DA:12296,0
DA:12299,0
DA:12302,0
DA:12303,0
DA:12304,0
DA:12307,0
DA:12310,0
DA:12311,0
DA:12312,0
DA:12318,0
DA:12324,0
DA:12326,0
DA:12327,0
DA:12328,0
DA:12329,0
DA:12330,0
DA:12332,0
DA:12333,0
DA:12334,0
DA:12340,0
DA:12341,0
DA:12342,0
DA:12348,0
DA:12349,0
DA:12350,0
DA:12356,0
DA:12357,0
DA:12358,0
DA:12367,0
DA:12381,0
DA:12387,0
DA:12389,0
DA:12392,0
DA:12393,0
DA:12394,0
DA:12403,0
DA:12409,0
DA:12411,0
DA:12412,0
DA:12413,0
DA:12414,0
DA:12415,0
DA:12417,0
DA:12418,0
DA:12419,0
DA:12429,0
DA:12439,0
DA:12445,0
DA:12447,0
DA:12450,0
DA:12451,0
DA:12452,0
DA:12458,0
DA:12461,0
DA:12462,0
DA:12463,0
DA:12469,0
DA:12472,0
DA:12473,0
DA:12474,0
DA:12480,0
DA:12483,0
DA:12484,0
DA:12485,0
DA:12491,0
DA:12494,0
DA:12495,0
DA:12496,0
DA:12502,0
DA:12505,0
DA:12506,0
DA:12507,0
DA:12513,0
DA:12516,0
DA:12517,0
DA:12518,0
DA:12524,0
DA:12527,0
DA:12528,0
DA:12529,0
DA:12535,0
DA:12538,0
DA:12539,0
DA:12540,0
DA:12546,0
DA:12549,0
DA:12550,0
DA:12551,0
DA:12557,0
DA:12560,0
DA:12561,0
DA:12562,0
DA:12568,0
DA:12571,0
DA:12572,0
DA:12573,0
DA:12582,0
DA:12588,0
DA:12590,0
DA:12591,0
DA:12592,0
DA:12593,0
DA:12594,0
DA:12596,0
DA:12597,0
DA:12598,0
DA:12604,0
DA:12605,0
DA:12606,0
DA:12612,0
DA:12613,0
DA:12614,0
DA:12620,0
DA:12621,0
DA:12622,0
DA:12628,0
DA:12629,0
DA:12630,0
DA:12636,0
DA:12637,0
DA:12638,0
DA:12644,0
DA:12645,0
DA:12646,0
DA:12652,0
DA:12653,0
DA:12654,0
DA:12660,0
DA:12661,0
DA:12662,0
DA:12668,0
DA:12669,0
DA:12670,0
DA:12676,0
DA:12677,0
DA:12678,0
DA:12684,0
DA:12685,0
DA:12686,0
DA:12695,0
DA:12705,0
DA:12711,0
DA:12713,0
DA:12716,0
DA:12717,0
DA:12718,0
DA:12724,0
DA:12727,0
DA:12728,0
DA:12729,0
DA:12735,0
DA:12738,0
DA:12739,0
DA:12740,0
DA:12746,0
DA:12749,0
DA:12750,0
DA:12751,0
DA:12757,0
DA:12760,0
DA:12761,0
DA:12762,0
DA:12768,0
DA:12771,0
DA:12772,0
DA:12773,0
DA:12779,0
DA:12782,0
DA:12783,0
DA:12784,0
DA:12790,0
DA:12793,0
DA:12794,0
DA:12795,0
DA:12801,0
DA:12804,0
DA:12805,0
DA:12806,0
DA:12812,0
DA:12815,0
DA:12816,0
DA:12817,0
DA:12823,0
DA:12826,0
DA:12827,0
DA:12828,0
DA:12834,0
DA:12837,0
DA:12838,0
DA:12839,0
DA:12845,0
DA:12848,0
DA:12849,0
DA:12850,0
DA:12858,0
DA:12861,0
DA:12862,0
DA:12863,0
DA:12874,0
DA:12880,0
DA:12882,0
DA:12883,0
DA:12884,0
DA:12885,0
DA:12886,0
DA:12888,0
DA:12889,0
DA:12890,0
DA:12897,0
DA:12898,0
DA:12899,0
DA:12906,0
DA:12907,0
DA:12908,0
DA:12915,0
DA:12916,0
DA:12917,0
DA:12924,0
DA:12925,0
DA:12926,0
DA:12933,0
DA:12934,0
DA:12935,0
DA:12942,0
DA:12943,0
DA:12944,0
DA:12951,0
DA:12952,0
DA:12953,0
DA:12960,0
DA:12961,0
DA:12962,0
DA:12969,0
DA:12970,0
DA:12971,0
DA:12978,0
DA:12979,0
DA:12980,0
DA:12987,0
DA:12988,0
DA:12989,0
DA:12996,0
DA:12997,0
DA:12998,0
DA:13007,0
DA:13008,0
DA:13009,0
DA:13021,0
DA:13031,0
DA:13032,0
DA:13034,0
DA:13035,0
DA:13037,0
DA:13039,0
DA:13040,0
DA:13042,0
DA:13045,0
DA:13046,0
DA:13047,0
DA:13050,0
DA:13053,0
DA:13054,0
DA:13055,0
DA:13059,0
DA:13061,0
DA:13062,0
DA:13063,0
DA:13064,0
DA:13073,0
DA:13074,0
DA:13077,0
DA:13078,0
DA:13080,0
DA:13082,0
DA:13083,0
DA:13085,0
DA:13086,0
DA:13087,0
DA:13092,0
DA:13094,0
DA:13097,0
DA:13099,0
DA:13102,0
DA:13103,0
DA:13105,0
DA:13107,0
DA:13108,0
DA:13117,0
DA:13119,0
DA:13121,0
DA:13122,0
DA:13125,0
DA:13127,0
DA:13129,0
DA:13131,0
DA:13134,0
DA:13137,0
DA:13140,0
DA:13141,0
DA:13145,0
DA:13147,0
DA:13149,0
DA:13162,0
DA:13163,0
DA:13164,0
DA:13165,0
DA:13167,0
DA:13169,0
DA:13170,0
DA:13172,0
DA:13173,0
DA:13178,0
DA:13180,0
DA:13183,0
DA:13185,0
DA:13188,0
DA:13189,0
DA:13191,0
DA:13195,0
DA:13200,0
DA:13202,0
DA:13205,0
DA:13210,0
DA:13225,0
DA:13227,0
DA:13229,0
DA:13230,0
DA:13231,0
DA:13234,0
DA:13236,0
DA:13238,0
DA:13240,0
DA:13243,0
DA:13244,0
DA:13245,0
DA:13246,0
DA:13247,0
DA:13250,0
DA:13253,0
DA:13254,0
DA:13255,0
DA:13256,0
DA:13257,0
DA:13261,0
DA:13263,0
DA:13264,0
DA:13265,0
DA:13266,0
DA:13267,0
DA:13268,0
DA:13277,0
DA:13278,0
DA:13281,0
DA:13282,0
DA:13285,0
DA:13286,0
DA:13289,0
DA:13290,0
DA:13292,0
DA:13294,0
DA:13295,0
DA:13297,0
DA:13298,0
DA:13299,0
DA:13300,0
DA:13301,0
DA:13306,0
DA:13308,0
DA:13311,0
DA:13313,0
DA:13316,0
DA:13317,0
DA:13319,0
DA:13321,0
DA:13322,0
DA:13323,0
DA:13324,0
DA:13325,0
DA:13326,0
DA:13328,0
DA:13347,0
DA:13349,0
DA:13351,0
DA:13358,0
DA:13359,0
DA:13362,0
DA:13364,0
DA:13366,0
DA:13368,0
DA:13371,0
DA:13372,0
DA:13373,0
DA:13374,0
DA:13375,0
DA:13376,0
DA:13377,0
DA:13380,0
DA:13383,0
DA:13384,0
DA:13385,0
DA:13386,0
DA:13387,0
DA:13388,0
DA:13389,0
DA:13393,0
DA:13395,0
DA:13396,0
DA:13397,0
DA:13398,0
DA:13399,0
DA:13400,0
DA:13401,0
DA:13402,0
DA:13411,0
DA:13412,0
DA:13415,0
DA:13416,0
DA:13419,0
DA:13420,0
DA:13423,0
DA:13424,0
DA:13427,0
DA:13428,0
DA:13429,0
DA:13432,0
DA:13433,0
DA:13434,0
DA:13436,0
DA:13438,0
DA:13439,0
DA:13441,0
DA:13442,0
DA:13443,0
DA:13444,0
DA:13445,0
DA:13446,0
DA:13447,0
DA:13452,0
DA:13454,0
DA:13457,0
DA:13459,0
DA:13462,0
DA:13463,0
DA:13465,0
DA:13469,0
DA:13470,0
DA:13471,0
DA:13472,0
DA:13473,0
DA:13474,0
DA:13475,0
DA:13476,0
DA:13482,0
DA:13484,0
DA:13486,0
DA:13488,0
DA:13490,0
DA:13492,0
DA:13494,0
DA:13497,0
DA:13502,0
DA:13511,0
DA:13513,0
DA:13515,0
DA:13516,0
DA:13519,0
DA:13521,0
DA:13523,0
DA:13525,0
DA:13528,0
DA:13531,0
DA:13534,0
DA:13535,0
DA:13539,0
DA:13541,0
DA:13543,0
DA:13552,0
DA:13553,0
DA:13555,0
DA:13557,0
DA:13558,0
DA:13560,0
DA:13561,0
DA:13566,0
DA:13568,0
DA:13571,0
DA:13573,0
DA:13576,0
DA:13577,0
DA:13579,0
DA:13582,0
DA:13587,0
DA:13589,0
DA:13592,0
DA:13597,0
DA:13610,0
DA:13611,0
DA:13613,0
DA:13617,0
DA:13618,0
DA:13620,0
DA:13622,0
DA:13623,0
DA:13625,0
DA:13628,0
DA:13629,0
DA:13630,0
DA:13631,0
DA:13634,0
DA:13637,0
DA:13638,0
DA:13639,0
DA:13640,0
DA:13644,0
DA:13646,0
DA:13647,0
DA:13648,0
DA:13649,0
DA:13650,0
DA:13659,0
DA:13660,0
DA:13661,0
DA:13662,0
DA:13665,0
DA:13666,0
DA:13667,0
DA:13669,0
DA:13672,0
DA:13673,0
DA:13674,0
DA:13675,0
DA:13677,0
DA:13679,0
DA:13680,0
DA:13682,0
DA:13683,0
DA:13684,0
DA:13685,0
DA:13690,0
DA:13692,0
DA:13695,0
DA:13697,0
DA:13700,0
DA:13701,0
DA:13703,0
DA:13707,0
DA:13708,0
DA:13709,0
DA:13710,0
DA:13711,0
DA:13717,0
DA:13719,0
DA:13721,0
DA:13723,0
DA:13726,0
DA:13731,0
DA:13748,0
DA:13749,0
DA:13751,0
DA:13757,0
DA:13758,0
DA:13760,0
DA:13762,0
DA:13763,0
DA:13765,0
DA:13768,0
DA:13769,0
DA:13770,0
DA:13771,0
DA:13772,0
DA:13773,0
DA:13776,0
DA:13779,0
DA:13780,0
DA:13781,0
DA:13782,0
DA:13783,0
DA:13784,0
DA:13788,0
DA:13790,0
DA:13791,0
DA:13792,0
DA:13793,0
DA:13794,0
DA:13795,0
DA:13796,0
DA:13804,0
DA:13805,0
DA:13806,0
DA:13807,0
DA:13810,0
DA:13811,0
DA:13812,0
DA:13814,0
DA:13817,0
DA:13818,0
DA:13819,0
DA:13820,0
DA:13823,0
DA:13824,0
DA:13825,0
DA:13828,0
DA:13829,0
DA:13830,0
DA:13832,0
DA:13834,0
DA:13835,0
DA:13837,0
DA:13838,0
DA:13839,0
DA:13840,0
DA:13841,0
DA:13842,0
DA:13847,0
DA:13849,0
DA:13852,0
DA:13854,0
DA:13857,0
DA:13858,0
DA:13860,0
DA:13864,0
DA:13865,0
DA:13866,0
DA:13867,0
DA:13868,0
DA:13869,0
DA:13870,0
DA:13876,0
DA:13878,0
DA:13880,0
DA:13882,0
DA:13884,0
DA:13886,0
DA:13889,0
DA:13894,0
DA:13903,0
DA:13905,0
DA:13907,0
DA:13908,0
DA:13911,0
DA:13913,0
DA:13915,0
DA:13917,0
DA:13920,0
DA:13923,0
DA:13926,0
DA:13927,0
DA:13931,0
DA:13933,0
DA:13935,0
DA:13948,0
DA:13949,0
DA:13950,0
DA:13951,0
DA:13953,0
DA:13955,0
DA:13956,0
DA:13958,0
DA:13959,0
DA:13964,0
DA:13966,0
DA:13969,0
DA:13971,0
DA:13974,0
DA:13975,0
DA:13977,0
DA:13981,0
DA:13986,0
DA:13988,0
DA:13991,0
DA:13996,0
DA:14007,0
DA:14009,0
DA:14011,0
DA:14012,0
DA:14015,0
DA:14017,0
DA:14019,0
DA:14021,0
DA:14024,0
DA:14025,0
DA:14026,0
DA:14029,0
DA:14032,0
DA:14033,0
DA:14034,0
DA:14038,0
DA:14040,0
DA:14041,0
DA:14042,0
DA:14043,0
DA:14052,0
DA:14053,0
DA:14056,0
DA:14057,0
DA:14059,0
DA:14061,0
DA:14062,0
DA:14064,0
DA:14065,0
DA:14066,0
DA:14071,0
DA:14073,0
DA:14076,0
DA:14078,0
DA:14081,0
DA:14082,0
DA:14084,0
DA:14088,0
DA:14089,0
DA:14094,0
DA:14096,0
DA:14099,0
DA:14104,0
DA:14121,0
DA:14123,0
DA:14125,0
DA:14131,0
DA:14132,0
DA:14134,0
DA:14136,0
DA:14138,0
DA:14140,0
DA:14143,0
DA:14144,0
DA:14145,0
DA:14146,0
DA:14147,0
DA:14148,0
DA:14151,0
DA:14154,0
DA:14155,0
DA:14156,0
DA:14157,0
DA:14158,0
DA:14159,0
DA:14163,0
DA:14165,0
DA:14166,0
DA:14167,0
DA:14168,0
DA:14169,0
DA:14170,0
DA:14171,0
DA:14180,0
DA:14181,0
DA:14184,0
DA:14185,0
DA:14188,0
DA:14189,0
DA:14190,0
DA:14191,0
DA:14194,0
DA:14195,0
DA:14196,0
DA:14199,0
DA:14200,0
DA:14201,0
DA:14203,0
DA:14205,0
DA:14206,0
DA:14208,0
DA:14209,0
DA:14210,0
DA:14211,0
DA:14212,0
DA:14213,0
DA:14218,0
DA:14220,0
DA:14223,0
DA:14225,0
DA:14228,0
DA:14229,0
DA:14231,0
DA:14235,0
DA:14236,0
DA:14237,0
DA:14238,0
DA:14239,0
DA:14240,0
DA:14241,0
DA:14247,0
DA:14249,0
DA:14251,0
DA:14253,0
DA:14255,0
DA:14257,0
DA:14260,0
DA:14265,0
DA:14274,0
DA:14276,0
DA:14278,0
DA:14279,0
DA:14281,0
DA:14283,0
DA:14285,0
DA:14287,0
DA:14290,0
DA:14293,0
DA:14296,0
DA:14297,0
DA:14301,0
DA:14303,0
DA:14305,0
DA:14314,0
DA:14315,0
DA:14317,0
DA:14319,0
DA:14320,0
DA:14322,0
DA:14323,0
DA:14328,0
DA:14330,0
DA:14333,0
DA:14335,0
DA:14338,0
DA:14339,0
DA:14341,0
DA:14344,0
DA:14349,0
DA:14351,0
DA:14354,0
DA:14359,0
DA:14374,0
DA:14375,0
DA:14377,0
DA:14382,0
DA:14383,0
DA:14385,0
DA:14387,0
DA:14388,0
DA:14390,0
DA:14393,0
DA:14394,0
DA:14395,0
DA:14396,0
DA:14397,0
DA:14400,0
DA:14403,0
DA:14404,0
DA:14405,0
DA:14406,0
DA:14407,0
DA:14411,0
DA:14413,0
DA:14414,0
DA:14415,0
DA:14416,0
DA:14417,0
DA:14418,0
DA:14427,0
DA:14428,0
DA:14431,0
DA:14432,0
DA:14435,0
DA:14436,0
DA:14439,0
DA:14440,0
DA:14442,0
DA:14444,0
DA:14445,0
DA:14447,0
DA:14448,0
DA:14449,0
DA:14450,0
DA:14451,0
DA:14456,0
DA:14458,0
DA:14461,0
DA:14463,0
DA:14466,0
DA:14467,0
DA:14469,0
DA:14471,0
DA:14472,0
DA:14473,0
DA:14474,0
DA:14475,0
DA:14476,0
DA:14478,0
DA:14493,0
DA:14494,0
DA:14496,0
DA:14497,0
DA:14498,0
DA:14500,0
DA:14502,0
DA:14503,0
DA:14505,0
DA:14508,0
DA:14509,0
DA:14510,0
DA:14511,0
DA:14512,0
DA:14515,0
DA:14518,0
DA:14519,0
DA:14520,0
DA:14521,0
DA:14522,0
DA:14526,0
DA:14528,0
DA:14529,0
DA:14530,0
DA:14531,0
DA:14532,0
DA:14533,0
DA:14541,0
DA:14542,0
DA:14545,0
DA:14546,0
DA:14549,0
DA:14550,0
DA:14553,0
DA:14554,0
DA:14556,0
DA:14558,0
DA:14559,0
DA:14561,0
DA:14562,0
DA:14563,0
DA:14564,0
DA:14565,0
DA:14570,0
DA:14572,0
DA:14575,0
DA:14577,0
DA:14580,0
DA:14581,0
DA:14583,0
DA:14585,0
DA:14586,0
DA:14587,0
DA:14588,0
DA:14589,0
DA:14590,0
DA:14592,0
DA:14603,0
DA:14605,0
DA:14607,0
DA:14608,0
DA:14609,0
DA:14612,0
DA:14614,0
DA:14616,0
DA:14618,0
DA:14621,0
DA:14622,0
DA:14623,0
DA:14626,0
DA:14629,0
DA:14630,0
DA:14631,0
DA:14635,0
DA:14637,0
DA:14638,0
DA:14639,0
DA:14640,0
DA:14650,0
DA:14651,0
DA:14652,0
DA:14655,0
DA:14656,0
DA:14657,0
DA:14658,0
DA:14660,0
DA:14662,0
DA:14663,0
DA:14665,0
DA:14666,0
DA:14667,0
DA:14672,0
DA:14674,0
DA:14677,0
DA:14679,0
DA:14682,0
DA:14683,0
DA:14685,0
DA:14689,0
DA:14690,0
DA:14691,0
DA:14692,0
DA:14698,0
DA:14700,0
DA:14702,0
DA:14705,0
DA:14710,0
DA:14719,0
DA:14721,0
DA:14723,0
DA:14724,0
DA:14726,0
DA:14728,0
DA:14730,0
DA:14732,0
DA:14735,0
DA:14738,0
DA:14741,0
DA:14742,0
DA:14746,0
DA:14748,0
DA:14750,0
DA:14759,0
DA:14760,0
DA:14762,0
DA:14764,0
DA:14765,0
DA:14767,0
DA:14768,0
DA:14773,0
DA:14775,0
DA:14778,0
DA:14780,0
DA:14783,0
DA:14784,0
DA:14786,0
DA:14788,0
DA:14789,0
DA:14790,0
DA:14791,0
DA:14796,0
DA:14807,0
DA:14808,0
DA:14810,0
DA:14811,0
DA:14813,0
DA:14815,0
[...]
DA:235,0
DA:236,0
DA:243,0
DA:254,1
DA:255,1
DA:257,0
DA:258,0
DA:262,0
DA:263,0
DA:264,0
DA:271,0
DA:277,1
DA:278,1
DA:280,0
DA:281,0
DA:285,0
DA:286,0
DA:287,0
DA:294,0
DA:303,1
DA:304,1
DA:306,0
DA:307,0
DA:311,0
DA:312,0
DA:313,0
DA:319,0
DA:328,2
DA:330,0
DA:331,0
DA:335,0
DA:336,0
DA:337,0
DA:343,6
DA:359,2
DA:361,0
DA:363,0
DA:369,0
DA:377,1
DA:378,1
DA:380,0
DA:381,0
DA:385,0
DA:386,0
DA:387,0
DA:394,0
DA:401,1
DA:402,1
DA:404,0
DA:405,0
DA:409,0
DA:410,0
DA:411,0
DA:418,0
DA:425,1
DA:426,1
DA:428,0
DA:429,0
DA:433,0
DA:434,0
DA:435,0
DA:444,0
DA:451,1
DA:452,1
DA:454,0
DA:455,0
DA:459,0
DA:461,0
DA:462,0
DA:471,0
DA:481,1
DA:482,1
DA:484,0
DA:485,0
DA:489,0
DA:490,0
DA:491,0
DA:499,0
DA:511,1
DA:512,1
DA:514,0
DA:515,0
DA:519,0
DA:520,0
DA:521,0
DA:527,0
DA:534,2
DA:536,0
DA:537,0
DA:541,0
DA:542,0
DA:543,0
DA:549,6
DA:562,1
DA:563,1
DA:565,0
DA:566,0
DA:568,0
DA:569,0
DA:573,0
DA:581,2
DA:583,0
DA:584,0
DA:588,0
DA:589,0
DA:590,0
DA:599,0
DA:606,1
DA:607,1
DA:609,0
DA:610,0
DA:614,0
DA:615,0
DA:616,0
DA:623,0
DA:633,1
DA:634,1
DA:636,0
DA:637,0
DA:641,0
DA:642,0
DA:643,0
DA:650,0
DA:664,1
DA:665,1
DA:667,0
DA:668,0
DA:672,0
DA:673,0
DA:674,0
DA:682,0
DA:689,1
DA:690,1
DA:692,0
DA:693,0
DA:697,0
DA:698,0
DA:699,0
DA:706,0
DA:716,1
DA:717,1
DA:719,0
DA:720,0
DA:724,0
DA:725,0
DA:726,0
DA:733,0
DA:744,1
DA:745,1
DA:747,0
DA:748,0
DA:752,0
DA:753,0
DA:754,0
DA:762,0
DA:769,1
DA:770,1
DA:772,0
DA:773,0
DA:777,0
DA:778,0
DA:779,0
DA:786,0
DA:794,1
DA:795,1
DA:797,0
DA:798,0
DA:802,0
DA:803,0
DA:804,0
DA:811,0
DA:821,1
DA:822,1
DA:824,0
DA:825,0
DA:829,0
DA:830,0
DA:831,0
DA:837,6
DA:843,1
DA:844,1
DA:846,0
DA:848,0
DA:855,0
DA:862,1
DA:863,1
DA:865,0
DA:866,0
DA:870,0
DA:872,0
DA:873,0
DA:882,0
DA:890,1
DA:892,1
DA:894,0
DA:895,0
DA:899,0
DA:901,0
DA:902,0
DA:911,0
DA:926,1
DA:928,1
DA:930,0
DA:931,0
DA:935,0
DA:937,0
DA:938,0
DA:947,0
DA:965,1
DA:967,1
DA:969,0
DA:970,0
DA:974,0
DA:976,0
DA:977,0
DA:986,0
DA:996,1
DA:997,1
DA:999,0
DA:1000,0
DA:1004,0
DA:1006,0
DA:1007,0
DA:1016,0
DA:1028,1
DA:1029,1
DA:1031,0
DA:1032,0
DA:1036,0
DA:1037,0
DA:1038,0
DA:1047,0
DA:1054,1
DA:1055,1
DA:1057,0
DA:1058,0
DA:1062,0
DA:1064,0
DA:1065,0
DA:1074,0
DA:1090,1
DA:1091,1
DA:1093,0
DA:1094,0
DA:1098,0
DA:1100,0
DA:1101,0
DA:1110,0
DA:1118,1
DA:1120,1
DA:1122,0
DA:1123,0
DA:1127,0
DA:1129,0
DA:1130,0
DA:1139,0
DA:1150,1
DA:1151,1
DA:1153,0
DA:1154,0
DA:1158,0
DA:1160,0
DA:1161,0
DA:1170,0
DA:1183,1
DA:1184,1
DA:1186,0
DA:1187,0
DA:1191,0
DA:1193,0
DA:1194,0
DA:1203,0
DA:1222,1
DA:1223,1
DA:1225,0
DA:1226,0
DA:1230,0
DA:1232,0
DA:1233,0
DA:1242,0
DA:1249,1
DA:1251,1
DA:1253,0
DA:1254,0
DA:1258,0
DA:1260,0
DA:1261,0
DA:1270,0
DA:1279,1
DA:1280,1
DA:1282,0
DA:1283,0
DA:1287,0
DA:1289,0
DA:1290,0
DA:1299,0
DA:1310,1
DA:1311,1
DA:1313,0
DA:1314,0
DA:1318,0
DA:1320,0
DA:1321,0
DA:1330,0
DA:1337,1
DA:1338,1
DA:1340,0
DA:1341,0
DA:1345,0
DA:1347,0
DA:1348,0
DA:1357,0
DA:1365,1
DA:1367,1
DA:1369,0
DA:1370,0
DA:1374,0
DA:1376,0
DA:1377,0
DA:1386,0
DA:1397,1
DA:1399,1
DA:1401,0
DA:1402,0
DA:1406,0
DA:1408,0
DA:1409,0
DA:1418,0
DA:1432,1
DA:1434,1
DA:1436,0
DA:1437,0
DA:1441,0
DA:1443,0
DA:1444,0
DA:1453,0
DA:1463,1
DA:1464,1
DA:1466,0
DA:1467,0
DA:1471,0
DA:1473,0
DA:1474,0
DA:1483,0
DA:1495,1
DA:1496,1
DA:1498,0
DA:1499,0
DA:1503,0
DA:1504,0
DA:1505,0
DA:1514,0
DA:1521,1
DA:1522,1
DA:1524,0
DA:1525,0
DA:1529,0
DA:1530,0
DA:1531,0
DA:1538,0
DA:1548,1
DA:1549,1
DA:1551,0
DA:1552,0
DA:1556,0
DA:1557,0
DA:1558,0
DA:1565,0
DA:1577,1
DA:1578,1
DA:1580,0
DA:1581,0
DA:1585,0
DA:1586,0
DA:1587,0
DA:1596,0
DA:1603,1
DA:1604,1
DA:1606,0
DA:1607,0
DA:1611,0
DA:1612,0
DA:1613,0
DA:1620,0
DA:1632,1
DA:1633,1
DA:1635,0
DA:1636,0
DA:1640,0
DA:1641,0
DA:1642,0
DA:1649,0
DA:1664,1
DA:1665,1
DA:1667,0
DA:1668,0
DA:1672,0
DA:1673,0
DA:1674,0
DA:1681,0
DA:1688,1
DA:1689,1
DA:1691,0
DA:1692,0
DA:1696,0
DA:1697,0
DA:1698,0
DA:1705,0
DA:1716,1
DA:1717,1
DA:1719,0
DA:1720,0
DA:1724,0
DA:1725,0
DA:1726,0
DA:1732,6
DA:1741,2
DA:1743,0
DA:1745,0
DA:1750,0
DA:1765,2
DA:1767,0
DA:1768,0
DA:1772,0
DA:1773,0
DA:1774,0
DA:1781,0
DA:1790,2
DA:1792,0
DA:1793,0
DA:1797,0
DA:1798,0
DA:1799,0
DA:1808,0
DA:1815,1
DA:1816,1
DA:1818,0
DA:1819,0
DA:1823,0
DA:1825,0
DA:1826,0
DA:1834,0
DA:1845,1
DA:1846,1
DA:1848,0
DA:1849,0
DA:1853,0
DA:1854,0
DA:1855,0
DA:1862,0
DA:1875,1
DA:1876,1
DA:1878,0
DA:1879,0
DA:1883,0
DA:1884,0
DA:1885,0
DA:1894,0
DA:1901,1
DA:1902,1
DA:1904,0
DA:1905,0
DA:1909,0
DA:1910,0
DA:1911,0
DA:1918,0
DA:1938,1
DA:1939,1
DA:1941,0
DA:1942,0
DA:1946,0
DA:1947,0
DA:1948,0
DA:1954,6
DA:1960,1
DA:1961,1
DA:1963,0
DA:1965,1
DA:1966,1
DA:1971,0
DA:1994,1
DA:1995,1
DA:1997,0
DA:1998,0
DA:2002,0
DA:2003,0
DA:2004,0
DA:2010,6
DA:2016,1
DA:2017,1
DA:2019,0
DA:2021,0
DA:2027,0
DA:2034,1
DA:2035,1
DA:2037,0
DA:2038,0
DA:2042,0
DA:2043,0
DA:2044,0
DA:2051,0
DA:2063,1
DA:2064,1
DA:2066,0
DA:2067,0
DA:2071,0
DA:2072,0
DA:2073,0
DA:2080,0
DA:2093,1
DA:2094,1
DA:2096,0
DA:2097,0
DA:2101,0
DA:2102,0
DA:2103,0
DA:2112,0
DA:2119,1
DA:2120,1
DA:2122,0
DA:2123,0
DA:2127,0
DA:2128,0
DA:2129,0
DA:2136,0
DA:2146,1
DA:2147,1
DA:2149,0
DA:2150,0
DA:2154,0
DA:2155,0
DA:2156,0
DA:2163,0
DA:2176,1
DA:2177,1
DA:2179,0
DA:2180,0
DA:2184,0
DA:2185,0
DA:2186,0
DA:2195,0
DA:2202,1
DA:2203,1
DA:2205,0
DA:2206,0
DA:2210,0
DA:2211,0
DA:2212,0
DA:2219,0
DA:2226,1
DA:2227,1
DA:2229,0
DA:2230,0
DA:2234,0
DA:2235,0
DA:2236,0
DA:2243,0
DA:2252,1
DA:2253,1
DA:2255,0
DA:2256,0
DA:2260,0
DA:2261,0
DA:2262,0
DA:2269,0
DA:2276,1
DA:2277,1
DA:2279,0
DA:2280,0
DA:2284,0
DA:2285,0
DA:2286,0
DA:2295,0
DA:2302,1
DA:2303,1
DA:2305,0
DA:2306,0
DA:2310,0
DA:2311,0
DA:2312,0
DA:2319,0
DA:2329,1
DA:2330,1
DA:2332,0
DA:2333,0
DA:2337,0
DA:2338,0
DA:2339,0
DA:2346,0
DA:2358,1
DA:2359,1
DA:2361,0
DA:2362,0
DA:2366,0
DA:2367,0
DA:2368,0
DA:2375,0
DA:2391,2
DA:2393,0
DA:2394,0
DA:2398,0
DA:2399,0
DA:2400,0
DA:2409,0
DA:2416,1
DA:2417,1
DA:2419,0
DA:2420,0
DA:2424,0
DA:2426,0
DA:2427,0
DA:2436,0
DA:2454,1
DA:2455,1
DA:2457,0
DA:2458,0
DA:2462,0
DA:2463,0
DA:2464,0
DA:2470,6
DA:2478,1
DA:2479,1
DA:2481,0
DA:2482,0
DA:2484,0
DA:2485,0
DA:2491,0
DA:2511,1
DA:2512,1
DA:2514,0
DA:2515,0
DA:2519,0
DA:2520,0
DA:2521,0
DA:2529,0
DA:2536,1
DA:2537,1
DA:2539,0
DA:2540,0
DA:2544,0
DA:2545,0
DA:2546,0
DA:2553,0
DA:2561,1
DA:2562,1
DA:2564,0
DA:2565,0
DA:2569,0
DA:2570,0
DA:2571,0
DA:2578,0
DA:2587,1
DA:2588,1
DA:2590,0
DA:2591,0
DA:2595,0
DA:2596,0
DA:2597,0
DA:2603,0
DA:2627,2
DA:2629,0
DA:2630,0
DA:2634,0
DA:2635,0
DA:2636,0
DA:2643,0
DA:2652,2
DA:2654,0
DA:2655,0
DA:2659,0
DA:2660,0
DA:2661,0
DA:2668,0
DA:2675,1
DA:2676,1
DA:2678,0
DA:2679,0
DA:2683,0
DA:2684,0
DA:2685,0
DA:2692,0
DA:2709,2
DA:2711,0
DA:2712,0
DA:2716,0
DA:2717,0
DA:2718,0
DA:2724,0
DA:2743,2
DA:2745,0
DA:2746,0
DA:2750,0
DA:2751,0
DA:2752,0
LF:761
LH:192
end_of_record
SF:lib\data\graphql\__generated__\serializers.gql.dart
DA:144,4
DA:145,2
DA:146,2
DA:280,4
LF:4
LH:4
end_of_record
SF:lib\data\graphql\__generated__\serializers.gql.g.dart
DA:9,2
DA:10,2
DA:11,2
DA:12,2
DA:13,2
DA:14,2
DA:15,2
DA:16,1
DA:17,1
DA:19,1
DA:21,1
DA:23,1
DA:24,1
DA:26,2
DA:27,2
DA:28,2
DA:29,2
DA:30,2
DA:31,2
DA:32,2
DA:33,2
DA:34,2
DA:35,2
DA:36,2
DA:37,2
DA:38,2
DA:39,2
DA:40,2
DA:41,2
DA:42,2
DA:43,2
DA:44,2
DA:45,2
DA:46,2
DA:47,2
DA:48,2
DA:49,2
DA:50,2
DA:51,2
DA:52,2
DA:53,2
DA:54,2
DA:55,2
DA:56,2
DA:57,2
DA:58,2
DA:59,2
DA:60,2
DA:61,2
DA:62,1
DA:63,1
DA:65,2
DA:66,2
DA:67,2
DA:68,2
DA:69,2
DA:70,2
DA:71,2
DA:72,2
DA:73,2
DA:74,2
DA:75,2
DA:76,2
DA:77,2
DA:78,2
DA:79,1
DA:80,1
DA:82,2
DA:83,2
DA:84,2
DA:85,2
DA:86,2
DA:87,2
DA:88,2
DA:89,2
DA:90,2
DA:91,2
DA:92,2
DA:93,2
DA:94,2
DA:95,2
DA:96,2
DA:97,2
DA:98,2
DA:99,2
DA:100,2
DA:101,2
DA:102,2
DA:103,2
DA:104,2
DA:105,2
DA:106,2
DA:107,2
DA:108,2
DA:109,2
DA:110,2
DA:111,2
DA:112,2
DA:113,2
DA:114,2
DA:115,2
DA:116,2
DA:117,2
DA:118,2
DA:119,2
DA:120,2
DA:121,2
DA:122,2
DA:123,1
DA:125,1
DA:127,1
DA:129,1
DA:131,2
DA:132,2
DA:133,2
DA:134,2
DA:135,2
DA:136,2
DA:137,2
DA:138,2
DA:139,2
DA:140,2
DA:141,2
DA:142,2
DA:143,2
DA:144,2
DA:145,2
DA:146,2
DA:147,2
DA:148,2
DA:149,2
DA:150,2
DA:151,2
DA:152,2
DA:153,2
DA:154,2
DA:155,2
DA:156,2
DA:157,2
DA:158,2
DA:159,2
DA:160,1
DA:164,2
DA:166,1
DA:172,1
DA:173,1
DA:177,1
DA:183,1
DA:184,1
DA:188,1
DA:190,0
DA:192,1
DA:194,0
DA:196,1
DA:200,2
DA:202,1
DA:208,1
DA:209,1
DA:213,1
DA:219,1
DA:220,1
DA:224,1
DA:230,1
DA:231,1
DA:235,1
DA:239,2
DA:241,1
DA:245,2
DA:247,1
DA:251,2
DA:253,1
DA:257,0
DA:259,1
DA:261,0
DA:263,1
DA:265,0
DA:267,1
DA:269,0
DA:271,1
DA:273,0
DA:275,1
DA:277,0
DA:279,1
DA:281,0
DA:283,1
DA:285,2
DA:287,1
DA:291,0
DA:293,1
DA:297,0
DA:299,1
DA:303,0
DA:305,1
DA:309,0
DA:311,1
DA:315,0
DA:317,1
DA:321,0
DA:323,1
DA:327,0
DA:329,1
DA:333,0
DA:335,1
DA:339,0
DA:341,1
DA:345,0
DA:347,1
DA:351,0
DA:353,1
DA:357,0
DA:359,1
DA:363,0
DA:365,1
DA:369,0
DA:371,1
DA:377,0
DA:379,1
DA:385,0
DA:387,1
DA:391,0
DA:393,1
DA:397,0
DA:399,1
DA:403,0
DA:405,1
DA:409,0
DA:411,1
DA:415,0
DA:417,1
DA:421,0
DA:423,1
DA:427,0
DA:429,1
DA:433,0
DA:435,1
DA:441,0
DA:443,1
DA:449,0
DA:451,1
DA:455,0
DA:457,1
DA:461,0
DA:463,1
DA:467,0
DA:469,1
DA:473,0
DA:475,1
DA:479,0
DA:481,1
DA:485,0
DA:487,1
DA:491,0
DA:493,1
DA:497,0
DA:499,1
DA:503,0
DA:505,1
DA:509,0
DA:511,1
DA:515,0
DA:517,1
DA:521,0
DA:523,1
DA:527,0
DA:529,1
DA:533,0
DA:535,1
DA:539,0
DA:541,1
DA:545,0
DA:547,1
DA:551,0
DA:553,1
DA:557,0
DA:559,1
DA:563,0
DA:565,1
DA:569,0
DA:571,1
DA:575,0
DA:577,1
DA:581,0
DA:583,1
DA:587,0
DA:589,1
DA:593,0
DA:595,1
DA:599,0
DA:601,1
DA:605,0
DA:607,1
DA:611,0
DA:613,1
DA:617,0
DA:619,1
LF:295
LH:232
end_of_record
SF:lib\data\graphql\__generated__\cargo_trains.req.gql.g.dart
DA:9,2
DA:10,1
DA:11,2
DA:12,1
DA:13,2
DA:14,1
DA:15,3
DA:24,0
DA:30,0
DA:32,0
DA:33,0
DA:37,0
DA:38,0
DA:42,0
DA:43,0
DA:48,0
DA:51,0
DA:52,0
DA:53,0
DA:56,0
DA:59,0
DA:60,0
DA:61,0
DA:67,0
DA:70,0
DA:71,0
DA:72,0
DA:75,0
DA:78,0
DA:79,0
DA:80,0
DA:89,0
DA:92,0
DA:93,0
DA:94,0
DA:103,0
DA:109,0
DA:111,0
DA:112,0
DA:113,0
DA:114,0
DA:115,0
DA:117,0
DA:118,0
DA:119,0
DA:126,0
DA:127,0
DA:128,0
DA:134,0
DA:135,0
DA:136,0
DA:142,0
DA:143,0
DA:144,0
DA:151,0
DA:152,0
DA:153,0
DA:159,0
DA:160,0
DA:161,0
DA:170,0
DA:171,0
DA:172,0
DA:178,0
DA:179,0
DA:180,0
DA:189,0
DA:200,0
DA:206,0
DA:208,0
DA:209,0
DA:213,0
DA:214,0
DA:218,0
DA:219,0
DA:224,0
DA:227,0
DA:228,0
DA:229,0
DA:232,0
DA:235,0
DA:236,0
DA:237,0
DA:243,0
DA:246,0
DA:247,0
DA:248,0
DA:251,0
DA:254,0
DA:255,0
DA:256,0
DA:265,0
DA:268,0
DA:269,0
DA:270,0
DA:279,0
DA:285,0
DA:287,0
DA:288,0
DA:289,0
DA:290,0
DA:291,0
DA:293,0
DA:294,0
DA:295,0
DA:302,0
DA:303,0
DA:304,0
DA:310,0
DA:311,0
DA:312,0
DA:318,0
DA:319,0
DA:320,0
DA:327,0
DA:328,0
DA:329,0
DA:335,0
DA:336,0
DA:337,0
DA:346,0
DA:347,0
DA:348,0
DA:354,0
DA:355,0
DA:356,0
DA:365,0
DA:376,0
DA:382,0
DA:384,0
DA:385,0
DA:389,0
DA:390,0
DA:394,0
DA:395,0
DA:403,0
DA:406,0
DA:407,0
DA:408,0
DA:414,0
DA:420,0
DA:422,0
DA:423,0
DA:424,0
DA:425,0
DA:426,0
DA:428,0
DA:429,0
DA:430,0
DA:437,0
DA:438,0
DA:439,0
DA:445,0
DA:446,0
DA:447,0
DA:453,0
DA:454,0
DA:455,0
DA:467,0
DA:477,0
DA:483,0
DA:485,0
DA:486,0
DA:490,0
DA:491,0
DA:495,0
DA:496,0
DA:504,0
DA:507,0
DA:508,0
DA:509,0
DA:515,0
DA:521,0
DA:523,0
DA:524,0
DA:525,0
DA:526,0
DA:527,0
DA:529,0
DA:530,0
DA:531,0
DA:538,0
DA:539,0
DA:540,0
DA:546,0
DA:547,0
DA:548,0
DA:554,0
DA:555,0
DA:556,0
DA:568,0
DA:598,1
DA:599,3
DA:601,1
DA:612,1
DA:613,1
DA:615,3
DA:617,1
DA:618,2
DA:620,1
DA:623,0
DA:624,0
DA:625,0
DA:626,0
DA:627,0
DA:628,0
DA:629,0
DA:630,0
DA:631,0
DA:632,0
DA:633,0
DA:636,1
DA:639,3
DA:640,3
DA:641,3
DA:642,3
DA:643,3
DA:644,3
DA:645,3
DA:646,3
DA:647,3
DA:648,3
DA:649,1
DA:653,0
DA:655,0
DA:656,0
DA:657,0
DA:658,0
DA:659,0
DA:660,0
DA:661,0
DA:662,0
DA:663,0
DA:664,0
DA:665,0
DA:666,0
DA:675,1
DA:676,3
DA:677,0
DA:680,3
DA:681,3
DA:684,3
DA:685,0
DA:689,1
DA:690,2
DA:691,0
DA:697,0
DA:700,0
DA:701,0
DA:702,0
DA:703,0
DA:706,3
DA:707,0
DA:708,0
DA:711,1
DA:712,2
DA:713,0
DA:715,0
DA:718,3
DA:719,1
DA:720,2
DA:723,3
DA:724,1
DA:725,2
DA:728,3
DA:729,0
DA:731,1
DA:732,1
DA:735,1
DA:736,1
DA:738,3
DA:739,2
DA:740,2
DA:741,2
DA:742,2
DA:743,2
DA:744,2
DA:745,2
DA:746,2
DA:747,2
DA:748,1
DA:753,1
DA:755,1
DA:758,1
DA:760,1
DA:763,1
DA:764,1
DA:766,1
DA:770,1
DA:771,1
DA:772,2
DA:773,1
DA:774,1
DA:778,1
DA:779,1
DA:780,1
DA:781,1
DA:782,1
DA:783,1
DA:784,1
DA:785,1
DA:789,1
DA:795,0
DA:798,0
DA:800,0
DA:803,0
DA:808,1
DA:839,1
DA:840,3
DA:842,1
DA:853,1
DA:854,1
DA:856,3
DA:858,1
DA:859,2
DA:861,1
DA:864,0
DA:865,0
DA:866,0
DA:867,0
DA:868,0
DA:869,0
DA:870,0
DA:871,0
DA:872,0
DA:873,0
DA:874,0
DA:877,1
DA:880,3
DA:881,3
DA:882,3
DA:883,3
DA:884,3
DA:885,3
DA:886,3
DA:887,3
DA:888,3
DA:889,3
DA:890,1
DA:894,0
DA:896,0
DA:897,0
DA:898,0
DA:899,0
DA:900,0
DA:901,0
DA:902,0
DA:903,0
DA:904,0
DA:905,0
DA:906,0
DA:907,0
DA:916,1
DA:917,3
DA:918,0
DA:921,3
DA:922,3
DA:925,3
DA:926,0
DA:930,1
DA:931,2
DA:932,0
DA:938,0
DA:941,0
DA:942,0
DA:943,0
DA:944,0
DA:947,3
DA:948,0
DA:949,0
DA:952,1
DA:953,2
DA:954,0
DA:956,0
DA:959,3
DA:960,1
DA:961,2
DA:964,3
DA:965,1
DA:966,2
DA:969,3
DA:970,0
DA:972,1
DA:973,1
DA:976,1
DA:977,1
DA:979,3
DA:980,2
DA:981,2
DA:982,2
DA:983,2
DA:984,2
DA:985,2
DA:986,2
DA:987,2
DA:988,2
DA:989,1
DA:994,1
DA:996,1
DA:999,1
DA:1001,1
DA:1004,1
DA:1005,1
DA:1007,1
DA:1011,1
DA:1012,1
DA:1013,2
DA:1014,1
DA:1015,1
DA:1019,1
DA:1020,1
DA:1021,1
DA:1022,1
DA:1023,1
DA:1024,1
DA:1025,1
DA:1026,1
DA:1030,1
DA:1036,0
DA:1039,0
DA:1041,0
DA:1044,0
DA:1049,1
DA:1064,0
DA:1066,0
DA:1068,0
DA:1073,0
DA:1074,0
DA:1076,0
DA:1078,0
DA:1080,0
DA:1082,0
DA:1085,0
DA:1086,0
DA:1087,0
DA:1088,0
DA:1089,0
DA:1092,0
DA:1095,0
DA:1096,0
DA:1097,0
DA:1098,0
DA:1099,0
DA:1103,0
DA:1105,0
DA:1106,0
DA:1107,0
DA:1108,0
DA:1109,0
DA:1110,0
DA:1119,0
DA:1120,0
DA:1121,0
DA:1124,0
DA:1125,0
DA:1128,0
DA:1129,0
DA:1132,0
DA:1133,0
DA:1135,0
DA:1136,0
DA:1139,0
DA:1140,0
DA:1142,0
DA:1143,0
DA:1144,0
DA:1145,0
DA:1146,0
DA:1151,0
DA:1153,0
DA:1156,0
DA:1158,0
DA:1161,0
DA:1162,0
DA:1164,0
DA:1168,0
DA:1169,0
DA:1170,0
DA:1171,0
DA:1172,0
DA:1176,0
DA:1177,0
DA:1178,0
DA:1187,0
DA:1189,0
DA:1192,0
DA:1197,0
DA:1212,0
DA:1213,0
DA:1215,0
DA:1220,0
DA:1221,0
DA:1223,0
DA:1225,0
DA:1226,0
DA:1228,0
DA:1231,0
DA:1232,0
DA:1233,0
DA:1234,0
DA:1235,0
DA:1238,0
DA:1241,0
DA:1242,0
DA:1243,0
DA:1244,0
DA:1245,0
DA:1249,0
DA:1251,0
DA:1252,0
DA:1253,0
DA:1254,0
DA:1255,0
DA:1256,0
DA:1264,0
DA:1265,0
DA:1266,0
DA:1269,0
DA:1270,0
DA:1273,0
DA:1274,0
DA:1277,0
DA:1278,0
DA:1280,0
DA:1281,0
DA:1284,0
DA:1285,0
DA:1287,0
DA:1288,0
DA:1289,0
DA:1290,0
DA:1291,0
DA:1296,0
DA:1298,0
DA:1301,0
DA:1303,0
DA:1306,0
DA:1307,0
DA:1309,0
DA:1313,0
DA:1314,0
DA:1315,0
DA:1316,0
DA:1317,0
DA:1321,0
DA:1322,0
DA:1323,0
DA:1332,0
DA:1334,0
DA:1337,0
DA:1342,0
LF:551
LH:157
end_of_record
SF:lib\data\graphql\__generated__\cargo_trains.req.gql.dart
DA:25,1
DA:30,1
DA:31,2
DA:35,1
DA:41,1
DA:42,1
DA:43,1
DA:44,2
DA:45,1
DA:69,1
DA:71,1
DA:73,1
DA:74,2
DA:76,1
DA:77,1
DA:79,1
DA:82,5
DA:84,1
DA:85,1
DA:87,0
DA:88,0
DA:92,0
DA:93,0
DA:94,0
DA:103,1
DA:108,1
DA:109,2
DA:113,1
DA:119,1
DA:120,1
DA:121,1
DA:122,2
DA:123,1
DA:147,1
DA:149,1
DA:151,1
DA:152,2
DA:154,1
DA:155,1
DA:157,1
DA:160,5
DA:162,1
DA:163,1
DA:165,0
DA:166,0
DA:170,0
DA:171,0
DA:172,0
DA:181,0
DA:186,0
DA:187,0
DA:188,0
DA:198,0
DA:200,0
DA:202,0
DA:203,0
DA:205,0
DA:206,0
DA:208,1
DA:209,1
DA:211,0
DA:212,0
DA:216,0
DA:217,0
DA:218,0
DA:227,0
DA:232,0
DA:233,0
DA:234,0
DA:244,0
DA:246,0
DA:248,0
DA:249,0
DA:251,0
DA:252,0
DA:254,2
DA:256,0
DA:257,0
DA:261,0
DA:262,0
DA:263,0
LF:81
LH:41
end_of_record
SF:lib\data\graphql\__generated__\cargo_trains.var.gql.g.dart
DA:9,2
DA:10,1
DA:11,2
DA:12,1
DA:13,2
DA:14,1
DA:15,3
DA:24,1
DA:30,1
DA:33,0
DA:39,0
DA:50,1
DA:56,1
DA:58,1
DA:59,1
DA:63,1
DA:64,1
DA:72,0
DA:78,0
DA:80,0
DA:81,0
DA:82,0
DA:83,0
DA:84,0
DA:86,0
DA:87,0
DA:88,0
DA:94,0
DA:95,0
DA:96,0
DA:105,0
DA:116,0
DA:122,0
DA:125,0
DA:131,0
DA:141,0
DA:147,0
DA:150,0
DA:156,0
DA:161,0
DA:163,0
DA:165,2
DA:166,0
DA:168,0
DA:170,1
DA:172,2
DA:174,0
DA:177,0
DA:180,1
DA:185,0
DA:187,0
DA:195,1
DA:197,1
DA:199,1
DA:202,0
DA:204,0
DA:207,1
DA:208,1
DA:210,1
DA:211,2
DA:212,1
DA:223,0
DA:225,0
DA:227,1
DA:228,1
DA:229,0
DA:231,0
DA:233,1
DA:235,2
DA:237,0
DA:240,0
DA:241,0
DA:242,0
DA:245,1
DA:248,3
DA:249,3
DA:250,1
DA:254,0
DA:256,0
DA:257,0
DA:258,0
DA:259,0
DA:268,3
DA:269,3
DA:272,3
DA:273,1
DA:274,2
DA:276,1
DA:278,1
DA:279,1
DA:281,0
DA:282,0
DA:283,0
DA:288,1
DA:290,1
DA:293,0
DA:295,0
DA:298,1
DA:299,1
DA:301,1
DA:303,1
DA:304,1
DA:305,1
DA:306,1
DA:310,1
DA:311,1
DA:316,1
DA:322,0
DA:324,0
DA:326,0
DA:327,0
DA:329,0
DA:331,0
DA:333,0
DA:335,0
DA:338,0
DA:341,0
DA:346,0
DA:348,0
DA:356,0
DA:358,0
DA:360,0
DA:363,0
DA:365,0
DA:368,0
DA:369,0
DA:371,0
DA:372,0
DA:373,0
DA:379,0
DA:380,0
DA:382,0
DA:383,0
DA:385,0
DA:387,0
DA:388,0
DA:390,0
DA:393,0
DA:396,0
DA:401,0
DA:403,0
DA:411,0
DA:413,0
DA:415,0
DA:418,0
DA:420,0
DA:423,0
DA:424,0
DA:426,0
DA:427,0
DA:428,0
LF:151
LH:55
end_of_record
SF:lib\data\graphql\__generated__\cargo_trains.var.gql.dart
DA:14,1
DA:19,1
DA:20,1
DA:22,3
DA:23,1
DA:27,0
DA:28,0
DA:29,0
DA:36,1
DA:43,1
DA:44,1
DA:46,3
DA:47,1
DA:51,0
DA:52,0
DA:53,0
DA:60,0
DA:66,1
DA:67,1
DA:69,0
DA:70,0
DA:74,0
DA:75,0
DA:76,0
DA:83,0
DA:88,2
DA:90,0
DA:91,0
DA:95,0
DA:96,0
DA:97,0
LF:31
LH:13
end_of_record
SF:lib\providers\freight_providers.dart
DA:17,0
DA:18,0
DA:19,0
DA:23,0
DA:24,0
DA:30,0
DA:31,0
DA:33,0
DA:34,0
DA:36,0
DA:40,0
DA:41,0
DA:42,0
DA:43,0
DA:44,0
DA:45,0
DA:51,3
DA:52,0
DA:57,0
DA:61,0
DA:63,0
DA:64,0
DA:65,0
DA:66,0
DA:74,0
DA:77,0
DA:78,0
DA:81,0
DA:82,0
DA:92,0
DA:95,0
DA:96,0
DA:97,0
DA:98,0
DA:100,0
DA:103,0
DA:106,0
DA:107,0
DA:110,0
DA:114,0
DA:115,0
DA:120,0
DA:121,0
DA:125,0
DA:127,0
DA:128,0
DA:129,0
DA:130,0
DA:131,0
DA:132,0
DA:139,0
DA:140,0
DA:141,0
DA:143,0
DA:144,0
DA:148,3
DA:151,1
DA:154,2
DA:158,4
DA:159,4
DA:161,4
DA:162,1
DA:163,1
DA:164,2
DA:165,3
DA:166,3
DA:167,3
DA:168,1
DA:169,1
DA:171,5
LF:70
LH:16
end_of_record
SF:lib\screens\rail_screen.dart
DA:12,1
DA:14,1
DA:16,2
DA:18,1
DA:19,1
DA:21,1
DA:23,1
DA:25,1
DA:28,1
DA:29,4
DA:34,1
DA:36,0
DA:41,2
DA:42,0
DA:43,0
DA:44,0
DA:46,1
DA:47,1
DA:48,3
DA:57,1
DA:61,1
DA:63,2
DA:64,1
DA:65,2
DA:66,6
DA:67,3
DA:68,1
DA:70,1
DA:71,1
DA:72,3
DA:73,1
DA:74,2
DA:76,3
DA:79,4
DA:80,1
DA:81,5
DA:82,0
LF:37
LH:32
end_of_record
SF:lib\widgets\async_value_view.dart
DA:15,1
DA:34,1
DA:35,1
DA:36,0
DA:37,2
DA:40,1
DA:42,2
DA:46,1
DA:47,2
DA:49,2
DA:50,2
DA:51,1
DA:53,1
DA:54,1
DA:55,1
DA:57,1
DA:58,1
DA:59,1
DA:62,2
DA:69,1
DA:81,1
DA:83,1
DA:85,1
DA:86,1
DA:88,1
DA:90,1
DA:91,4
DA:93,1
DA:94,1
DA:95,2
DA:98,2
DA:100,1
DA:101,1
DA:102,3
DA:103,2
DA:108,2
DA:110,1
DA:111,1
DA:127,0
DA:131,0
DA:133,0
DA:134,0
DA:135,0
DA:137,0
DA:138,0
DA:139,0
DA:141,0
DA:142,0
DA:143,0
DA:145,0
DA:146,0
DA:147,0
DA:150,0
DA:153,0
DA:154,0
DA:155,0
DA:156,0
DA:157,0
LF:58
LH:37
end_of_record
SF:lib\widgets\common.dart
DA:10,1
DA:15,1
DA:17,2
DA:19,4
DA:20,1
DA:21,1
DA:22,1
DA:23,4
DA:25,1
DA:26,1
DA:27,1
DA:30,1
DA:31,1
DA:32,1
DA:33,2
DA:35,1
DA:36,1
DA:37,1
DA:38,2
DA:40,1
DA:41,1
DA:42,1
DA:47,1
DA:49,1
DA:51,1
DA:53,1
DA:55,3
DA:56,1
DA:64,0
DA:77,0
DA:79,0
DA:81,0
DA:83,0
DA:85,0
DA:88,0
DA:89,0
DA:90,0
DA:91,0
DA:92,0
DA:95,0
DA:96,0
DA:97,0
DA:98,0
DA:99,0
DA:108,0
DA:109,0
DA:110,0
DA:111,0
DA:112,0
DA:113,0
DA:127,1
DA:131,1
DA:133,1
DA:134,2
DA:135,2
DA:136,1
DA:137,1
DA:139,1
DA:141,1
DA:142,1
DA:143,1
DA:144,1
DA:145,1
DA:146,1
DA:148,3
DA:150,1
DA:152,1
DA:154,2
DA:161,2
DA:162,1
DA:163,1
DA:164,3
DA:165,2
LF:73
LH:51
end_of_record
SF:lib\data\preferences_snapshot_store.dart
DA:17,0
DA:24,0
DA:26,0
DA:29,0
DA:30,0
DA:33,0
DA:38,0
DA:40,0
DA:42,0
DA:45,0
DA:47,0
DA:48,0
DA:49,0
DA:50,0
DA:54,0
DA:56,0
DA:57,0
LF:17
LH:0
end_of_record
SF:lib\providers\settings.dart
DA:23,0
DA:41,0
DA:46,0
DA:47,0
DA:48,0
DA:49,0
DA:50,0
DA:65,0
DA:67,0
DA:69,0
DA:71,0
DA:72,0
DA:73,0
DA:74,0
DA:76,0
DA:77,0
DA:78,0
DA:79,0
DA:80,0
DA:85,0
DA:86,0
DA:87,0
DA:90,0
DA:91,0
DA:92,0
DA:95,0
DA:96,0
DA:97,0
DA:100,0
DA:101,0
DA:102,0
DA:106,0
DA:113,0
DA:114,0
LF:34
LH:0
end_of_record
